   

C[ -n^2,+1]
===========
The form gives curves with moderate rank at low values of "n". 
Some points always on curve, for any n. After some n, rank never less than 3.
Always integral points.
-----------------------------------------------------------------------------


n  E.j   Rank
==========================
1 -300 [1, 1, 0, [[0, 1]]]
New rank record



2 1932 [2, 2, 0, [[0, 1], [2, 1]]]
New rank record



3 1745 [2, 2, 0, [[-1, 3], [5, 9]]]
4 1731 [3, 3, 0, [[-4, 1], [-2, 5], [0, 1]]]
New rank record



5 1729 [3, 3, 0, [[-5, 1], [-3, 7], [-1, 5]]]
6 1729 [3, 3, 0, [[-4, 9], [-1, 6], [0, 1]]]
7 1729 [3, 3, 0, [[-3, 11], [8, 11], [19, 77]]]
8 1729 [4, 4, 0, [[-6, 13], [-2, 11], [0, 1], [8, 1]]]
New rank record



9 1729 [3, 3, 0, [[-7, 15], [-1, 9], [11, 21]]]
10 1729 [3, 3, 0, [[-10, 1], [-8, 17], [0, 1]]]
11 1729 [3, 3, 0, [[-11, 1], [-9, 19], [-1, 11]]]
12 1729 [3, 3, 0, [[-10, 21], [-1, 12], [14, 27]]]
13 1729 [4, 4, 0, [[-13, 1], [-11, 23], [-8, 29], [-1, 13]]]
14 1729 [4, 4, 0, [[-14, 1], [-10, 31], [-6, 31], [0, 1]]]
15 1729 [3, 3, 0, [[-13, 27], [-1, 15], [17, 33]]]
16 1729 [4, 4, 0, [[-16, 1], [-14, 29], [-5, 34], [0, 1]]]
17 1729 [5, 5, 0, [[-16, 23], [-15, 31], [-7, 41], [-3, 29], [-1, 17]]]
New rank record



18 1729 [3, 3, 0, [[-16, 33], [-1, 18], [20, 39]]]
19 1729 [4, 4, 0, [[-19, 1], [-17, 35], [-16, 41], [-1, 19]]]
20 1729 [4, 4, 0, [[-20, 1], [-18, 37], [0, 1], [24, 65]]]
21 1729 [3, 3, 0, [[-19, 39], [-1, 21], [23, 45]]]
22 1729 [4, 4, 0, [[-22, 1], [-20, 41], [-2, 31], [0, 1]]]
23 1729 [4, 4, 0, [[-11, 67], [-1, 23], [0, 1], [23, 1]]]
24 1729 [3, 3, 0, [[-10, 69], [36, 161], [59, 414]]]
25 1729 [5, 5, 0, [[-23, 47], [-13, 77], [-3, 43], [0, 1], [25, 1]]]
26 1729 [4, 4, 0, [[-26, 1], [-24, 49], [-22, 65], [0, 1]]]
27 1729 [4, 4, 0, [[-25, 51], [-7, 69], [-1, 27], [29, 57]]]
28 1729 [4, 4, 0, [[-28, 1], [-26, 53], [-18, 91], [-6, 67]]]
29 1729 [4, 4, 0, [[-29, 1], [-27, 55], [-11, 89], [-1, 29]]]
30 1729 [3, 3, 0, [[-28, 57], [-1, 30], [32, 63]]]
31 1729 [4, 4, 0, [[-31, 1], [-29, 59], [-9, 89], [-1, 31]]]
32 1729 [4, 4, 0, [[-32, 1], [-22, 109], [-6, 77], [-1, 32]]]
33 1729 [3, 3, 0, [[-31, 63], [-1, 33], [35, 69]]]
34 1729 [3, 3, 0, [[-34, 1], [-32, 65], [0, 1]]]
35 1729 [3, 3, 0, [[-35, 1], [-33, 67], [-1, 35]]]
36 1729 [5, 5, 0, [[-34, 69], [-30, 109], [-16, 129], [-1, 36], [38, 75]]]
37 1729 [4, 4, 0, [[-35, 71], [-23, 139], [-15, 131], [-1, 37]]]
38 1729 [3, 3, 0, [[-38, 1], [-36, 73], [0, 1]]]
39 1729 [3, 3, 0, [[-37, 75], [-1, 39], [41, 81]]]
40 1729 [4, 4, 0, [[-40, 1], [-38, 77], [-26, 155], [0, 1]]]
41 1729 [5, 5, 0, [[-41, 1], [-39, 79], [-32, 145], [-11, 131], [-1, 41]]]
42 1729 [5, 5, 0, [[-40, 81], [-30, 161], [-10, 129], [-1, 42], [44, 87]]]
43 1729 [3, 3, 0, [[-43, 1], [-41, 83], [-1, 43]]]
44 1729 [4, 4, 0, [[-44, 1], [-42, 85], [-26, 181], [0, 1]]]
45 1729 [4, 4, 0, [[-43, 87], [-1, 45], [47, 93], [285, 4751]]]
46 1729 [5, 5, 0, [[-46, 1], [-30, 191], [-2, 65], [-1, 46], [46, 1]]]
47 1729 [4, 4, 0, [[-47, 1], [-25, 199], [0, 1], [49, 97]]]
48 1729 [4, 4, 0, [[-46, 93], [-1, 48], [50, 99], [62, 309]]]
49 1729 [4, 4, 0, [[-49, 1], [-47, 95], [-5, 109], [-1, 49]]]
50 1729 [3, 3, 0, [[-50, 1], [-48, 97], [0, 1]]]
51 1729 [4, 4, 0, [[-49, 99], [-45, 161], [-1, 51], [53, 105]]]
52 1729 [4, 4, 0, [[-52, 1], [-50, 101], [-22, 221], [0, 1]]]
53 1729 [5, 5, 0, [[-23, 229], [-21, 223], [-7, 139], [-1, 53], [0, 1]]]
54 1729 [3, 3, 0, [[-52, 105], [-1, 54], [56, 111]]]
55 1729 [4, 4, 0, [[-55, 1], [-53, 107], [-35, 251], [-1, 55]]]
56 1729 [4, 4, 0, [[-56, 1], [-30, 259], [-1, 56], [56, 1]]]
57 1729 [4, 4, 0, [[-55, 111], [-1, 57], [59, 117], [69, 323]]]
58 1729 [4, 4, 0, [[-58, 1], [-56, 113], [-16, 223], [0, 1]]]
59 1729 [5, 5, 0, [[-59, 1], [-57, 115], [-35, 281], [-15, 221], [75, 401]]]
60 1729 [3, 3, 0, [[-58, 117], [-1, 60], [62, 123]]]
61 1729 [6, 6, 0, [[-56, 181], [-51, 239], [-37, 295], [-15, 229], [-11, 199], [-9, 181]]]
New rank record



62 1729 [4, 4, 0, [[-62, 1], [-60, 121], [-26, 287], [-1, 62]]]
63 1729 [4, 4, 0, [[-61, 123], [-3, 109], [-1, 63], [65, 129]]]
64 1729 [3, 3, 0, [[-64, 1], [-62, 125], [0, 1]]]
65 1729 [3, 3, 0, [[-65, 1], [-63, 127], [-1, 65]]]
66 1729 [4, 4, 0, [[-66, 1], [-46, 321], [0, 1], [68, 135]]]
67 1729 [4, 4, 0, [[-67, 1], [-65, 131], [-63, 181], [-1, 67]]]
68 1729 [4, 4, 0, [[-66, 133], [-8, 191], [0, 1], [68, 1]]]
69 1729 [4, 4, 0, [[-67, 135], [-55, 309], [-1, 69], [71, 141]]]
70 1729 [5, 5, 0, [[-70, 1], [-48, 353], [-18, 287], [-1, 70], [70, 1]]]
71 1729 [4, 4, 0, [[-71, 1], [-69, 139], [-29, 349], [-1, 71]]]
72 1729 [4, 4, 0, [[-70, 141], [-28, 351], [-1, 72], [74, 147]]]
73 1729 [5, 5, 0, [[-71, 143], [-51, 373], [-35, 379], [-13, 259], [0, 1]]]
74 1729 [4, 4, 0, [[-74, 1], [-72, 145], [-16, 289], [0, 1]]]
75 1729 [4, 4, 0, [[-73, 147], [-63, 323], [-1, 75], [77, 153]]]
76 1729 [3, 3, 0, [[-76, 1], [-74, 149], [0, 1]]]
77 1729 [4, 4, 0, [[-77, 1], [-61, 367], [0, 1], [79, 157]]]
78 1729 [5, 5, 0, [[-76, 153], [-22, 351], [-1, 78], [80, 159], [-15/4, 1207/8]]]
79 1729 [4, 4, 0, [[-79, 1], [-77, 155], [-35, 419], [-21, 349]]]
80 1729 [5, 5, 0, [[-78, 157], [-65, 376], [-10, 251], [-1, 80], [0, 1]]]
81 1729 [4, 4, 0, [[-55, 441], [-1, 81], [83, 165], [119, 951]]]
82 1729 [4, 4, 0, [[-82, 1], [-80, 161], [0, 1], [110, 769]]]
83 1729 [5, 5, 0, [[-83, 1], [-81, 163], [-67, 401], [-55, 461], [-47, 469]]]
84 1729 [3, 3, 0, [[-82, 165], [-1, 84], [86, 171]]]
85 1729 [4, 4, 0, [[-85, 1], [-83, 167], [-1, 85], [99, 505]]]
86 1729 [5, 5, 0, [[-86, 1], [-84, 169], [-29, 436], [0, 1], [114, 799]]]
87 1729 [3, 3, 0, [[-85, 171], [-1, 87], [89, 177]]]
88 1729 [4, 4, 0, [[-86, 173], [-48, 511], [-1, 88], [90, 179]]]
89 1729 [4, 4, 0, [[-87, 175], [-19, 379], [-1, 89], [0, 1]]]
90 1729 [3, 3, 0, [[-88, 177], [-1, 90], [92, 183]]]
91 1729 [3, 3, 0, [[-91, 1], [-89, 179], [-1, 91]]]
92 1729 [4, 4, 0, [[-92, 1], [-68, 511], [-22, 419], [0, 1]]]
93 1729 [5, 5, 0, [[-91, 183], [-37, 519], [-1, 93], [95, 189], [143, 1299]]]
94 1729 [5, 5, 0, [[-94, 1], [-44, 551], [-42, 545], [-34, 511], [-1, 94]]]
95 1729 [4, 4, 0, [[-95, 1], [-93, 187], [-1, 95], [-1391/16, 22855/64]]]
96 1729 [3, 3, 0, [[-94, 189], [-1, 96], [98, 195]]]
97 1729 [3, 3, 0, [[-97, 1], [-95, 191], [-1, 97]]]
98 1729 [5, 5, 0, [[-52, 599], [-30, 511], [-1, 98], [0, 1], [214, 2783]]]
99 1729 [5, 5, 0, [[-61, 609], [-1, 99], [101, 201], [161, 1611], [209, 2661]]]
100 1729 [3, 3, 0, [[-100, 1], [-98, 197], [0, 1]]]
101 1729 [4, 4, 0, [[-101, 1], [-29, 521], [-1, 101], [101, 1]]]
102 1729 [5, 5, 0, [[-102, 1], [-100, 201], [-58, 639], [-28, 519], [-10, 321]]]
103 1729 [4, 4, 0, [[-103, 1], [-101, 203], [-16, 407], [-1, 103]]]
104 1729 [3, 3, 0, [[-104, 1], [-102, 205], [0, 1]]]
105 1729 [4, 4, 0, [[-103, 207], [-48, 647], [-1, 105], [107, 213]]]
106 1729 [4, 4, 0, [[-106, 1], [-104, 209], [-92, 505], [0, 1]]]
107 1729 [6, 6, 0, [[-107, 1], [-105, 211], [-47, 659], [-5, 239], [-1, 107], [133, 911]]]
108 1729 [3, 3, 0, [[-106, 213], [-1, 108], [110, 219]]]
109 1729 [3, 3, 0, [[-109, 1], [-107, 215], [-1, 109]]]
110 1729 [4, 4, 0, [[-108, 217], [-68, 713], [-26, 545], [0, 1]]]
111 1729 [4, 4, 0, [[-109, 219], [-39, 649], [-1, 111], [113, 225]]]
112 1729 [4, 4, 0, [[-112, 1], [-18, 469], [-1, 112], [0, 1]]]
113 1729 [5, 5, 0, [[-113, 1], [-93, 619], [-11, 373], [-1, 113], [119, 407]]]
114 1729 [4, 4, 0, [[-112, 225], [-36, 649], [0, 1], [114, 1]]]
115 1729 [4, 4, 0, [[-113, 227], [-55, 749], [-53, 743], [-1, 115]]]
116 1729 [5, 5, 0, [[-116, 1], [-114, 229], [-94, 659], [-60, 769], [-20, 511]]]
117 1729 [4, 4, 0, [[-115, 231], [-7, 309], [-1, 117], [119, 237]]]
118 1729 [4, 4, 0, [[-118, 1], [-46, 737], [0, 1], [120, 239]]]
119 1729 [5, 5, 0, [[-119, 1], [-67, 805], [-24, 571], [-1, 119], [119, 1]]]
120 1729 [4, 4, 0, [[-118, 237], [-1, 120], [122, 243], [-2356/25, 90147/125]]]
121 1729 [4, 4, 0, [[-119, 239], [-81, 809], [0, 1], [121, 1]]]
122 1729 [4, 4, 0, [[-122, 1], [-120, 241], [-116, 407], [0, 1]]]
123 1729 [4, 4, 0, [[-121, 243], [-87, 811], [-1, 123], [125, 249]]]
124 1729 [6, 6, 0, [[-124, 1], [-46, 781], [-44, 769], [-30, 659], [-14, 461], [0, 1]]]
125 1729 [4, 4, 0, [[-125, 1], [-51, 815], [0, 1], [127, 253]]]
126 1729 [3, 3, 0, [[-124, 249], [-1, 126], [128, 255]]]
127 1729 [5, 5, 0, [[-127, 1], [-125, 251], [-37, 739], [-23, 599], [-1, 127]]]
128 1729 [6, 6, 0, [[-102, 781], [-58, 869], [-36, 737], [140, 671], [228, 2849], [283, 4246]]]
129 1729 [4, 4, 0, [[-127, 255], [-45, 811], [-1, 129], [131, 261]]]
130 1729 [4, 4, 0, [[-130, 1], [-8, 367], [0, 1], [132, 263]]]
131 1729 [5, 5, 0, [[-85, 919], [-39, 781], [-1, 131], [0, 1], [135, 379]]]
132 1729 [5, 5, 0, [[-130, 261], [-42, 811], [-6, 323], [-1, 132], [134, 267]]]
133 1729 [4, 4, 0, [[-133, 1], [-131, 263], [-1, 133], [155, 991]]]
134 1729 [5, 5, 0, [[-134, 1], [-132, 265], [-74, 961], [-56, 911], [0, 1]]]
135 1729 [4, 4, 0, [[-133, 267], [-1, 135], [137, 273], [2672, 137943]]]
136 1729 [3, 3, 0, [[-136, 1], [-134, 269], [0, 1]]]
137 1729 [5, 5, 0, [[-137, 1], [-135, 271], [-72, 989], [-48, 889], [-1, 137]]]
138 1729 [4, 4, 0, [[-136, 273], [-100, 951], [-22, 639], [0, 1]]]
139 1729 [4, 4, 0, [[-139, 1], [-95, 989], [-37, 815], [0, 1]]]
140 1729 [5, 5, 0, [[-126, 685], [-76, 1025], [-30, 749], [-1, 140], [0, 1]]]
141 1729 [4, 4, 0, [[-139, 279], [-1, 141], [143, 285], [185, 1629]]]
142 1729 [4, 4, 0, [[-142, 1], [-8, 401], [-1, 142], [0, 1]]]
143 1729 [4, 4, 0, [[-143, 1], [-141, 283], [-1, 143], [-29/9, 6929/27]]]
144 1729 [4, 4, 0, [[-142, 285], [-1, 144], [146, 291], [155, 714]]]
145 1729 [3, 3, 0, [[-145, 1], [-143, 287], [-1, 145]]]
146 1729 [6, 6, 0, [[-144, 289], [-134, 671], [-120, 911], [-102, 1055], [-60, 1031], [148, 295]]]
147 1729 [5, 5, 0, [[-67, 1071], [-55, 1011], [-1, 147], [323, 5169], [-649/25, 92151/125]]]
148 1729 [6, 6, 0, [[-148, 1], [-132, 769], [-70, 1091], [-12, 511], [148, 1], [160, 769]]]
149 1729 [4, 4, 0, [[-149, 1], [-147, 295], [-1, 149], [264, 3541]]]
150 1729 [3, 3, 0, [[-148, 297], [-1, 150], [152, 303]]]
151 1729 [5, 5, 0, [[-149, 299], [-109, 1091], [-39, 911], [-35, 869], [-1, 151]]]
152 1729 [5, 5, 0, [[-150, 301], [-68, 1121], [-1, 152], [0, 1], [2104, 96257]]]
153 1729 [4, 4, 0, [[-151, 303], [-1, 153], [155, 309], [792, 21869]]]
154 1729 [3, 3, 0, [[-154, 1], [-152, 305], [0, 1]]]
155 1729 [4, 4, 0, [[-155, 1], [-153, 307], [-1, 155], [265, 3499]]]
156 1729 [4, 4, 0, [[-154, 309], [-46, 1011], [-1, 156], [158, 315]]]
157 1729 [5, 5, 0, [[-157, 1], [-45, 1009], [-1, 157], [157, 1], [185, 1331]]]
158 1729 [5, 5, 0, [[-158, 1], [-156, 313], [-88, 1231], [0, 1], [208, 1951]]]
159 1729 [4, 4, 0, [[-157, 315], [-144, 809], [-1, 159], [161, 321]]]
160 1729 [5, 5, 0, [[-160, 1], [-100, 1249], [-26, 805], [0, 1], [170, 749]]]
161 1729 [4, 4, 0, [[-161, 1], [-159, 319], [-1, 161], [688, 17545]]]
162 1729 [4, 4, 0, [[-160, 321], [-1, 162], [164, 327], [182, 1119]]]
163 1729 [4, 4, 0, [[-161, 323], [-95, 1291], [-43, 1031], [0, 1]]]
164 1729 [5, 5, 0, [[-164, 1], [-162, 325], [-74, 1259], [-1, 164], [12412/49, 1053865/343]]]
165 1729 [3, 3, 0, [[-163, 327], [-1, 165], [167, 333]]]
166 1729 [5, 5, 0, [[-166, 1], [-164, 329], [-154, 769], [-144, 991], [0, 1]]]
167 1729 [3, 3, 0, [[-167, 1], [-165, 331], [-1, 167]]]
168 1729 [5, 5, 0, [[-168, 1], [-166, 333], [-165, 406], [-118, 1299], [0, 1]]]
169 1729 [4, 4, 0, [[-169, 1], [-167, 335], [-1, 169], [175, 601]]]
170 1729 [5, 5, 0, [[-168, 337], [-130, 1249], [-1, 170], [172, 343], [290, 4001]]]
171 1729 [4, 4, 0, [[-169, 339], [-16, 681], [-1, 171], [173, 345]]]
172 1729 [4, 4, 0, [[-172, 1], [-56, 1217], [-1, 172], [172, 1]]]
173 1729 [3, 3, 0, [[-173, 1], [-171, 343], [-1, 173]]]
174 1729 [4, 4, 0, [[-172, 345], [-109, 1416], [-1, 174], [176, 351]]]
175 1729 [4, 4, 0, [[-175, 1], [-173, 347], [-165, 749], [-1, 175]]]
176 1729 [3, 3, 0, [[-176, 1], [-174, 349], [0, 1]]]
177 1729 [4, 4, 0, [[-175, 351], [-67, 1341], [-1, 177], [179, 357]]]
178 1729 [6, 6, 0, [[-178, 1], [-176, 353], [-142, 1279], [-98, 1471], [-30, 961], [0, 1]]]
179 1729 [5, 5, 0, [[-179, 1], [-121, 1451], [-39, 1091], [0, 1], [181, 361]]]
180 1729 [4, 4, 0, [[-180, 1], [-178, 357], [-88, 1473], [-1, 180]]]
181 1729 [3, 3, 0, [[-181, 1], [-179, 359], [-1, 181]]]
182 1729 [4, 4, 0, [[-182, 1], [-146, 1313], [-20, 809], [-1, 182]]]
183 1729 [3, 3, 0, [[-181, 363], [-1, 183], [185, 369]]]
184 1729 [5, 5, 0, [[-184, 1], [-32, 1025], [-10, 581], [0, 1], [186, 371]]]
185 1729 [4, 4, 0, [[-183, 367], [-133, 1483], [-1, 185], [187, 373]]]
186 1729 [4, 4, 0, [[-184, 369], [-1, 186], [188, 375], [777/4, 6245/8]]]
187 1729 [3, 3, 0, [[-187, 1], [-185, 371], [-1, 187]]]
188 1729 [5, 5, 0, [[-188, 1], [-56, 1343], [0, 1], [190, 379], [322, 4691]]]
189 1729 [4, 4, 0, [[-189, 1], [-187, 375], [-55, 1341], [191, 381]]]
190 1729 [4, 4, 0, [[-190, 1], [-68, 1463], [-1, 190], [0, 1]]]
191 1729 [5, 5, 0, [[-191, 1], [-189, 379], [-7, 505], [-1, 191], [285, 3571]]]
192 1729 [5, 5, 0, [[-190, 381], [-172, 1119], [-37, 1146], [-1, 192], [194, 387]]]
193 1729 [5, 5, 0, [[-191, 383], [-45, 1259], [-23, 919], [-1, 193], [0, 1]]]
194 1729 [3, 3, 0, [[-194, 1], [-192, 385], [0, 1]]]
195 1729 [3, 3, 0, [[-193, 387], [-1, 195], [197, 393]]]
196 1729 [5, 5, 0, [[-196, 1], [-194, 389], [-129, 1676], [-10, 619], [0, 1]]]
197 1729 [5, 5, 0, [[-197, 1], [-195, 391], [-107, 1711], [-61, 1463], [-1, 197]]]
198 1729 [4, 4, 0, [[-196, 393], [-1, 198], [200, 399], [255, 2566]]]
199 1729 [6, 6, 0, [[-199, 1], [-197, 395], [-171, 1331], [-165, 1429], [-129, 1721], [-1, 199]]]
200 1729 [3, 3, 0, [[-200, 1], [-198, 397], [0, 1]]]
201 1729 [4, 4, 0, [[-199, 399], [-1, 201], [203, 405], [215, 1119]]]
202 1729 [3, 3, 0, [[-202, 1], [-200, 401], [0, 1]]]
203 1729 [4, 4, 0, [[-165, 1519], [-31, 1117], [-1, 203], [0, 1]]]
204 1729 [4, 4, 0, [[-202, 405], [-1, 204], [206, 411], [230, 1611]]]
205 1729 [3, 3, 0, [[-205, 1], [-203, 407], [-1, 205]]]
206 1729 [5, 5, 0, [[-206, 1], [-100, 1801], [-14, 769], [0, 1], [208, 415]]]
207 1729 [4, 4, 0, [[-207, 1], [-205, 411], [-163, 1629], [263, 2631]]]
208 1729 [4, 4, 0, [[-208, 1], [-206, 413], [0, 1], [-1550/9, 41327/27]]]
209 1729 [4, 4, 0, [[-209, 1], [-149, 1789], [-35, 1219], [-1, 209]]]
210 1729 [4, 4, 2, [[-210, 1], [-118, 1887], [0, 1], [212, 423]]]
211 1729 [5, 5, 0, [[-211, 1], [-151, 1811], [-35, 1231], [-1, 211], [231, 1429]]]
212 1729 [5, 5, 0, [[-212, 1], [-210, 421], [-156, 1793], [-98, 1861], [0, 1]]]
213 1729 [3, 3, 0, [[-211, 423], [-1, 213], [215, 429]]]
214 1729 [4, 4, 0, [[-214, 1], [-14, 799], [-1, 214], [0, 1]]]
215 1729 [4, 4, 0, [[-215, 1], [-213, 427], [-1, 215], [657, 15913]]]
216 1729 [4, 4, 0, [[-214, 429], [-1, 216], [218, 435], [-855/4, 3637/8]]]
217 1729 [5, 5, 0, [[-215, 431], [-13, 781], [-1, 217], [0, 1], [639, 15193]]]
218 1729 [4, 4, 0, [[-216, 433], [-88, 1871], [-1, 218], [220, 439]]]
219 1729 [4, 4, 0, [[-217, 435], [-184, 1611], [-1, 219], [221, 441]]]
220 1729 [5, 5, 0, [[-220, 1], [-218, 437], [0, 1], [335, 4624], [2750, 143749]]]
221 1729 [3, 3, 0, [[-221, 1], [-219, 439], [-1, 221]]]
222 1729 [5, 5, 0, [[-220, 441], [-208, 1119], [-46, 1473], [0, 1], [222, 1]]]
223 1729 [4, 4, 0, [[-223, 1], [-67, 1741], [-1, 223], [223, 1]]]
224 1729 [5, 5, 0, [[-224, 1], [-222, 445], [-122, 2075], [-34, 1291], [0, 1]]]
225 1729 [5, 5, 0, [[-223, 447], [-160, 2001], [-1, 225], [227, 453], [299, 3405]]]
226 1729 [5, 5, 0, [[-226, 1], [-224, 449], [-116, 2089], [-22, 1055], [0, 1]]]
227 1729 [4, 4, 0, [[-227, 1], [-225, 451], [-1, 227], [319, 4003]]]
228 1729 [4, 4, 0, [[-228, 1], [-100, 2049], [-1, 228], [0, 1]]]
229 1729 [4, 4, 0, [[-229, 1], [-227, 455], [-129, 2149], [-1, 229]]]
230 1729 [4, 4, 0, [[-230, 1], [0, 1], [232, 463], [274, 2465]]]
231 1729 [3, 3, 0, [[-229, 459], [-1, 231], [233, 465]]]
232 1729 [5, 5, 0, [[-232, 1], [-230, 461], [-210, 1429], [0, 1], [264, 2047]]]
233 1729 [5, 5, 0, [[-233, 1], [-231, 463], [-183, 1951], [-107, 2141], [-1, 233]]]
234 1729 [3, 3, 0, [[-232, 465], [-1, 234], [236, 471]]]
235 1729 [4, 4, 0, [[-233, 467], [-3, 407], [-1, 235], [237, 473]]]
236 1729 [5, 5, 0, [[-236, 1], [-234, 469], [-149, 2234], [-49, 1616], [0, 1]]]
237 1729 [3, 3, 0, [[-235, 471], [-1, 237], [239, 477]]]
238 1729 [5, 5, 0, [[-238, 1], [-180, 2089], [-1, 238], [238, 1], [308, 3431]]]
239 1729 [5, 5, 0, [[-239, 1], [-165, 2221], [-21, 1091], [0, 1], [241, 481]]]
240 1729 [4, 4, 0, [[-238, 477], [-1, 240], [242, 483], [255, 1376]]]
241 1729 [5, 5, 0, [[-239, 479], [-221, 1429], [-65, 1871], [-1, 241], [243, 485]]]
242 1729 [3, 3, 0, [[-242, 1], [-240, 481], [0, 1]]]
243 1729 [5, 5, 0, [[-241, 483], [-232, 1101], [-217, 1611], [-1, 243], [245, 489]]]
244 1729 [4, 4, 0, [[-244, 1], [-242, 485], [-21, 1114], [0, 1]]]
245 1729 [3, 3, 0, [[-245, 1], [-243, 487], [-1, 245]]]
246 1729 [3, 3, 0, [[-244, 489], [-1, 246], [248, 495]]]
247 1729 [3, 3, 0, [[-247, 1], [-245, 491], [-1, 247]]]
248 1729 [4, 4, 0, [[-248, 1], [-92, 2209], [0, 1], [250, 499]]]
249 1729 [4, 4, 0, [[-135, 2431], [-91, 2211], [459, 8261], [536, 10989]]]
250 1729 [4, 4, 0, [[-250, 1], [-248, 497], [0, 1], [340, 4249]]]
251 1729 [5, 5, 0, [[-251, 1], [-221, 1769], [-1, 251], [251, 1], [595, 13159]]]
252 1729 [3, 3, 0, [[-250, 501], [-1, 252], [254, 507]]]
253 1729 [6, 6, 0, [[-253, 1], [-191, 2293], [-160, 2479], [-57, 1861], [-13, 911], [-1, 253]]]
254 1729 [4, 4, 0, [[-254, 1], [-252, 505], [0, 1], [11395, 1216084]]]
255 1729 [3, 3, 0, [[-253, 507], [-1, 255], [257, 513]]]
256 1729 [4, 4, 0, [[-254, 509], [-204, 2209], [256, 1], [258, 515]]]
257 1729 [5, 5, 0, [[-257, 1], [-183, 2441], [-56, 1877], [-1, 257], [0, 1]]]
258 1729 [4, 4, 0, [[-256, 513], [-253, 804], [-1, 258], [260, 519]]]
259 1729 [5, 5, 0, [[-104, 2419], [-45, 1711], [368, 5015], [781, 20591], [1489, 56581]]]
260 1729 [4, 4, 0, [[-260, 1], [-258, 517], [0, 1], [-6216/25, 149827/125]]]
261 1729 [5, 5, 0, [[-259, 519], [-79, 2211], [-25, 1299], [-1, 261], [263, 525]]]
262 1729 [6, 6, 0, [[-262, 1], [-260, 521], [-78, 2209], [-32, 1471], [0, 1], [322, 3359]]]
263 1729 [4, 4, 0, [[-263, 1], [-261, 523], [-1, 263], [264, 373]]]
264 1729 [6, 6, 0, [[-262, 525], [-154, 2661], [-64, 2049], [-37, 1590], [-1, 264], [0, 1]]]
265 1729 [4, 4, 0, [[-265, 1], [-263, 527], [-1, 265], [335, 3751]]]
266 1729 [4, 4, 0, [[-266, 1], [-264, 529], [0, 1], [10465/4, 1065007/8]]]
267 1729 [3, 3, 0, [[-265, 531], [-1, 267], [269, 537]]]
268 1729 [4, 4, 0, [[-268, 1], [-266, 533], [-2, 379], [0, 1]]]
269 1729 [4, 4, 0, [[-269, 1], [-267, 535], [-165, 2729], [-1, 269]]]
270 1729 [4, 4, 0, [[-270, 1], [-268, 537], [-160, 2751], [-1, 270]]]
271 1729 [5, 5, 0, [[-271, 1], [-269, 539], [-235, 2069], [-1, 271], [-455/4, 20987/8]]]
272 1729 [5, 5, 0, [[-156, 2783], [-146, 2773], [-8, 769], [-1, 272], [0, 1]]]
273 1729 [3, 3, 0, [[-271, 543], [-1, 273], [275, 549]]]
274 1729 [5, 5, 0, [[-100, 2551], [-65, 2146], [-6, 671], [276, 551], [630, 14239]]]
275 1729 [3, 3, 0, [[-275, 1], [-273, 547], [-1, 275]]]
276 1729 [3, 3, 0, [[-274, 549], [-1, 276], [278, 555]]]
277 1729 [4, 4, 0, [[-277, 1], [-63, 2141], [-1, 277], [0, 1]]]
278 1729 [4, 4, 0, [[-278, 1], [-276, 553], [-178, 2849], [0, 1]]]
279 1729 [5, 5, 0, [[-277, 555], [-15, 1079], [-1, 279], [281, 561], [323, 2925]]]
280 1729 [6, 6, 0, [[-280, 1], [-248, 2047], [-226, 2485], [0, 1], [282, 563], [374, 4795]]]
281 1729 [3, 3, 0, [[-281, 1], [-279, 559], [-1, 281]]]
282 1729 [4, 4, 0, [[-280, 561], [-46, 1887], [-1, 282], [284, 567]]]
283 1729 [3, 3, 0, [[-283, 1], [-281, 563], [-1, 283]]]
284 1729 [4, 4, 0, [[-284, 1], [-282, 565], [-232, 2495], [0, 1]]]
285 1729 [3, 3, 2, [[-283, 567], [-1, 285], [287, 573]]]
286 1729 [4, 4, 0, [[-286, 1], [-284, 569], [-125, 2876], [0, 1]]]
287 1729 [5, 5, 0, [[-287, 1], [-285, 571], [-87, 2551], [-55, 2089], [-1, 287]]]
288 1729 [5, 5, 0, [[-286, 573], [-106, 2757], [-1, 288], [290, 579], [20252, 2881761]]]
289 1729 [4, 4, 0, [[-135, 2969], [-105, 2759], [-1, 289], [0, 1]]]
290 1729 [3, 3, 0, [[-290, 1], [-288, 577], [0, 1]]]
291 1729 [5, 5, 0, [[-289, 579], [-235, 2631], [-1, 291], [293, 585], [455, 7461]]]
292 1729 [4, 4, 0, [[-26, 1483], [0, 1], [292, 1], [294, 587]]]
293 1729 [4, 4, 0, [[-291, 583], [-211, 2953], [-35, 1721], [-1, 293]]]
294 1729 [3, 3, 0, [[-292, 585], [-1, 294], [296, 591]]]
295 1729 [6, 6, 0, [[-295, 1], [-293, 587], [-128, 3007], [-1, 295], [465, 7751], [2495, 123751]]]
296 1729 [5, 5, 0, [[-296, 1], [-252, 2465], [0, 1], [298, 595], [511, 9416]]]
297 1729 [4, 4, 0, [[-295, 591], [-88, 2661], [-1, 297], [299, 597]]]
298 1729 [3, 3, 0, [[-298, 1], [-296, 593], [0, 1]]]
299 1729 [4, 4, 0, [[-11, 991], [-1, 299], [299, 1], [301, 601]]]
300 1729 [3, 3, 0, [[-298, 597], [-1, 300], [302, 603]]]
301 1729 [4, 4, 0, [[-301, 1], [-299, 599], [-1, 301], [1775, 73699]]]
302 1729 [5, 5, 0, [[-302, 1], [-300, 601], [-268, 2279], [-92, 2759], [0, 1]]]
303 1729 [4, 4, 0, [[-303, 1], [-163, 3261], [-91, 2757], [-1, 303]]]
304 1729 [3, 3, 0, [[-304, 1], [-302, 605], [0, 1]]]
305 1729 [3, 3, 0, [[-305, 1], [-303, 607], [-1, 305]]]
306 1729 [3, 3, 0, [[-304, 609], [-1, 306], [308, 615]]]
307 1729 [5, 5, 0, [[-305, 611], [-133, 3191], [-1, 307], [0, 1], [1155, 37841]]]
308 1729 [6, 6, 0, [[-308, 1], [-262, 2621], [-116, 3073], [0, 1], [310, 619], [522, 9629]]]
309 1729 [3, 3, 0, [[-307, 615], [-1, 309], [311, 621]]]
310 1729 [5, 5, 0, [[-310, 1], [-308, 617], [-276, 2345], [0, 1], [2015, 89374]]]
311 1729 [5, 5, 0, [[-175, 3401], [-87, 2785], [-1, 311], [0, 1], [335, 2279]]]
312 1729 [4, 4, 0, [[-310, 621], [-1, 312], [314, 627], [13865/4, 1625973/8]]]
313 1729 [4, 4, 0, [[-313, 1], [-267, 2669], [-1, 313], [313, 1]]]
314 1729 [5, 5, 0, [[-314, 1], [-312, 625], [-146, 3359], [0, 1], [446, 6689]]]
315 1729 [3, 3, 0, [[-313, 627], [-1, 315], [317, 633]]]
316 1729 [4, 4, 0, [[-316, 1], [-182, 3485], [-1, 316], [316, 1]]]
317 1729 [5, 5, 0, [[-317, 1], [-315, 631], [-1, 317], [329, 1597], [-1239/4, 9491/8]]]
318 1729 [4, 4, 0, [[-316, 633], [-252, 3079], [-1, 318], [320, 639]]]
319 1729 [3, 3, 0, [[-319, 1], [-317, 635], [-1, 319]]]
320 1729 [4, 4, 0, [[-320, 1], [-318, 637], [-210, 3499], [0, 1]]]
321 1729 [3, 3, 0, [[-319, 639], [-1, 321], [323, 645]]]
322 1729 [4, 4, 0, [[-322, 1], [-148, 3479], [-140, 3431], [0, 1]]]
323 1729 [3, 3, 0, [[-323, 1], [-321, 643], [-1, 323]]]
324 1729 [4, 4, 0, [[-322, 645], [-1, 324], [326, 651], [591, 12016]]]
325 1729 [3, 3, 0, [[-325, 1], [-323, 647], [-1, 325]]]
326 1729 [3, 3, 0, [[-326, 1], [-324, 649], [0, 1]]]
327 1729 [4, 4, 0, [[-325, 651], [-208, 3639], [-1, 327], [329, 657]]]
328 1729 [5, 5, 0, [[-328, 1], [-326, 653], [-96, 3073], [0, 1], [394, 4333]]]
329 1729 [3, 3, 0, [[-329, 1], [-327, 655], [-1, 329]]]
330 1729 [4, 4, 0, [[-328, 657], [-226, 3615], [0, 1], [330, 1]]]
331 1729 [4, 4, 0, [[-331, 1], [-329, 659], [-121, 3389], [-1, 331]]]
332 1729 [6, 6, 0, [[-332, 1], [-330, 661], [-238, 3571], [-178, 3739], [0, 1], [398, 4379]]]
333 1729 [3, 3, 0, [[-331, 663], [-1, 333], [335, 669]]]
334 1729 [4, 4, 0, [[-334, 1], [-332, 665], [0, 1], [451, 6436]]]
335 1729 [6, 6, 0, [[-335, 1], [-323, 1597], [-48, 2297], [-5, 749], [-1, 335], [335, 1]]]
336 1729 [5, 5, 0, [[-336, 1], [-334, 669], [-262, 3405], [0, 1], [-308/9, 52795/27]]]
337 1729 [5, 5, 0, [[-335, 671], [-253, 3541], [-125, 3499], [0, 1], [337, 1]]]
338 1729 [4, 4, 0, [[-336, 673], [-170, 3809], [0, 1], [338, 1]]]
339 1729 [3, 3, 0, [[-337, 675], [-1, 339], [341, 681]]]
340 1729 [4, 4, 0, [[-340, 1], [-28, 1793], [0, 1], [342, 683]]]
341 1729 [4, 4, 0, [[-341, 1], [-339, 679], [-1, 341], [935, 26621]]]
342 1729 [4, 4, 0, [[-340, 681], [-1, 342], [344, 687], [-37492/961, 63222921/29791]]]
343 1729 [5, 5, 0, [[-320, 2209], [-273, 3431], [345, 689], [385, 3431], [-107/9, 31913/27]]]
344 1729 [3, 3, 0, [[-344, 1], [-342, 685], [0, 1]]]
345 1729 [4, 4, 0, [[-343, 687], [-301, 2925], [-1, 345], [347, 693]]]
346 1729 [5, 5, 0, [[-344, 689], [-220, 3961], [-106, 3391], [0, 1], [346, 1]]]
347 1729 [7, 7, 0, [[-347, 1], [-345, 691], [-181, 3983], [-163, 3911], [-105, 3389], [-77, 2969], [469, 6833]]]
New rank record



348 1729 [4, 4, 0, [[-348, 1], [-22, 1629], [0, 1], [350, 699]]]
349 1729 [5, 5, 0, [[-349, 1], [-347, 695], [-247, 3875], [-19, 1519], [-1, 349]]]
350 1729 [4, 4, 0, [[-348, 697], [-230, 4001], [-1, 350], [352, 703]]]
======================================================================

Notes rank 9, 10, 11.
=====================

Rank 9
11416
11416
16228
20529
22226
37072
42818
59317
=====

Rank 10
 216493
 333974
 884758
1670254 
2092868 
2625109 
2643016 
3044232 
3111737 
3419738 
3565061 
3729751 
3862888 
4149283 
4998092 
5678407 
6768128 
7376167 
8468797 
-------

Rank 11
1448203
=======

PARIGP code
===========

      coef=[-n^2,+1];
      E=ellinit(coef,D=1);if(#E<1,next;);
      eri=ellrankinit(E);
      P=ellratpoints(E,h);
      r=ellrank(eri,,P);
      ej= ceil(E.j);




