

rnk C[-n,0]
-----------

Note: when rank grows, only n with equal rank is displayed.

1 0

2 1
5 1
6 1
7 1
10 1
12 1
14 1
15 1

17 2
56 2
65 2
77 2

82 3
226 3
322 3
377 3
442 3
582 3
626 3
706 3
745 3
777 3
799 3
870 3
901 3
910 3
(...)
5002 3
5017 3

5037 4
5795 4
6497 4
7585 4
7672 4

(...)
(to do rnk 5)

  3129357 6
  8081372 6
 16390332 6 
 16748536 6
 22008042 6 
 63321697 6
 86344797 6
 93532337 6
 97819722 6
137100755 6
139335837 6

188588857 7 !!!
(more rnk 6)

276293151 6
306529740 6
331126195 6
464239737 6
570506310 6
627632355 6
642242286 6

(...)
  188588857 7
  356301977 7 
13990867765 7
-------------



