

C[A,B] Short form W.
====================
   
A     B     j        Disc  [rank,,points]
==================================================
-10 -10 69120/13 20800 [1, 1, 0, [[-11/9, 17/27]]]
-10 -9 6912000/1813 29008 [0, 0, 0, []]
-10 -8 216000/71 36352 [2, 2, 0, [[-2, 2], [-1, 1]]]
-10 -7 6912000/2677 42832 [0, 0, 0, []]
-10 -6 1728000/757 48448 [0, 0, 0, []]
-10 -5 276480/133 53200 [1, 1, 0, [[-1, 2]]]
-10 -4 432000/223 57088 [0, 0, 0, []]
-10 -3 6912000/3757 60112 [1, 1, 0, [[-2, 3]]]
-10 -2 1728000/973 62272 [1, 1, 0, [[-3, 1]]]
-10 -1 6912000/3973 63568 [0, 0, 0, []]
-10 0 1728 64000 [1, 1, 0, [[-1, 3]]]
-10 1 6912000/3973 63568 [2, 2, 0, [[0, 1], [4, 5]]]
-10 2 1728000/973 62272 [1, 1, 0, [[-23/9, 89/27]]]
-10 3 6912000/3757 60112 [0, 0, 0, []]
-10 4 432000/223 57088 [2, 2, 0, [[-2, 4], [0, 2]]]
-10 5 276480/133 53200 [0, 0, 0, []]
-10 6 1728000/757 48448 [2, 2, 0, [[-3, 3], [5, 9]]]
-10 7 6912000/2677 42832 [2, 2, 0, [[-1, 4], [3, 2]]]
-10 8 216000/71 36352 [0, 0, 0, []]
-10 9 6912000/1813 29008 [1, 1, 0, [[0, 3]]]
-10 10 69120/13 20800 [1, 1, 0, [[1, 1]]]
-9 -10 23328 3456 [1, 1, 0, [[10, 30]]]
-9 -9 6912 11664 [1, 1, 0, [[-2, 1]]]
-9 -8 46656/11 19008 [0, 0, 0, []]
-9 -7 186624/59 25488 [1, 1, 0, [[-1, 1]]]
-9 -6 2592 31104 [1, 1, 0, [[-2, 2]]]
-9 -5 186624/83 35856 [0, 0, 0, []]
-9 -4 46656/23 39744 [1, 1, 0, [[-1, 2]]]
-9 -3 20736/11 42768 [1, 1, 0, [[4, 5]]]
-9 -2 23328/13 44928 [0, 0, 0, []]
-9 -1 186624/107 46224 [1, 1, 0, [[-2, 3]]]
-9 0 1728 46656 [0, 0, 0, []]
-9 1 186624/107 46224 [2, 2, 0, [[-1, 3], [5, 9]]]
-9 2 23328/13 44928 [0, 0, 0, []]
-9 3 20736/11 42768 [1, 1, 0, [[1/4, 7/8]]]
-9 4 46656/23 39744 [2, 2, 0, [[0, 2], [3, 2]]]
-9 5 186624/83 35856 [0, 0, 0, []]
-9 6 2592 31104 [1, 1, 0, [[-2, 4]]]
-9 7 186624/59 25488 [1, 1, 0, [[6, 13]]]
-9 8 46656/11 19008 [1, 1, 0, [[-1, 4]]]
-9 9 6912 11664 [1, 1, 0, [[-3, 3]]]
-9 10 23328 3456 [0, 0, 0, []]
-8 -10 -884736/163 -10432 [0, 0, 0, []]
-8 -9 -3538944/139 -2224 [0, 0, 0, []]
-8 -8 55296/5 5120 [0, 0, 0, []]
-8 -7 3538944/725 11600 [1, 1, 0, [[-2, 1]]]
-8 -6 884736/269 17216 [2, 2, 0, [[-1, 1], [-7/4, 13/8]]]
-8 -5 3538944/1373 21968 [0, 0, 0, []]
-8 -4 221184/101 25856 [1, 1, 0, [[-2, 2]]]
-8 -3 3538944/1805 28880 [1, 1, 0, [[-1, 2]]]
-8 -2 884736/485 31040 [1, 1, 0, [[3, 1]]]
-8 -1 3538944/2021 32336 [0, 0, 0, []]
-8 0 1728 32768 [0, 0, 0, []]
-8 1 3538944/2021 32336 [2, 2, 0, [[-2, 3], [0, 1]]]
-8 2 884736/485 31040 [2, 2, 0, [[-1, 3], [7, 17]]]
-8 3 3538944/1805 28880 [0, 0, 0, []]
-8 4 221184/101 25856 [1, 1, 0, [[-3, 1]]]
-8 5 3538944/1373 21968 [0, 0, 0, []]
-8 6 884736/269 17216 [1, 1, 0, [[3, 3]]]
-8 7 3538944/725 11600 [1, 1, 0, [[-3, 2]]]
-8 8 55296/5 5120 [1, 1, 0, [[-2, 4]]]
-8 9 -3538944/139 -2224 [1, 1, 0, [[-1, 4]]]
-8 10 -884736/163 -10432 [0, 0, 0, []]
-7 -10 -148176/83 -21248 [0, 0, 0, []]
-7 -9 -2370816/815 -13040 [1, 1, 0, [[5, 9]]]
-7 -8 -592704/89 -5696 [0, 0, 0, []]
-7 -7 48384 784 [0, 0, 0, []]
-7 -6 148176/25 6400 [0, 0, 0, []]
-7 -5 2370816/697 11152 [2, 2, 0, [[-2, 1], [-1, 1]]]
-7 -4 592704/235 15040 [0, 0, 0, []]
-7 -3 2370816/1129 18064 [0, 0, 0, []]
-7 -2 148176/79 20224 [1, 1, 0, [[-2, 2]]]
-7 -1 2370816/1345 21520 [0, 0, 0, []]
-7 0 1728 21952 [1, 1, 0, [[4, 6]]]
-7 1 2370816/1345 21520 [1, 1, 0, [[0, 1]]]
-7 2 148176/79 20224 [0, 0, 0, []]
-7 3 2370816/1129 18064 [2, 2, 0, [[-1, 3], [3, 3]]]
-7 4 592704/235 15040 [1, 1, 0, [[0, 2]]]
-7 5 2370816/697 11152 [0, 0, 0, []]
-7 6 148176/25 6400 [0, 0, 0, []]
-7 7 48384 784 [1, 1, 0, [[-3, 1]]]
-7 8 -592704/89 -5696 [0, 0, 0, []]
-7 9 -2370816/815 -13040 [1, 1, 0, [[0, 3]]]
-7 10 -148176/83 -21248 [2, 2, 0, [[-3, 2], [9, 26]]]
-6 -10 -13824/17 -29376 [0, 0, 0, []]
-6 -9 -55296/49 -21168 [0, 0, 0, []]
-6 -8 -1728 -13824 [1, 1, 0, [[3, 1]]]
-6 -7 -55296/17 -7344 [0, 0, 0, []]
-6 -6 -13824 -1728 [0, 0, 0, []]
-6 -5 55296/7 3024 [1, 1, 0, [[3, 2]]]
-6 -4 3456 6912 [1, 1, 0, [[-1, 1]]]
-6 -3 55296/23 9936 [1, 1, 0, [[-2, 1]]]
-6 -2 13824/7 12096 [0, 0, 0, []]
-6 -1 55296/31 13392 [1, 1, 0, [[-1, 2]]]
-6 0 1728 13824 [1, 1, 0, [[-2, 2]]]
-6 1 55296/31 13392 [1, 1, 0, [[0, 1]]]
-6 2 13824/7 12096 [0, 0, 0, []]
-6 3 55296/23 9936 [0, 0, 0, []]
-6 4 3456 6912 [1, 1, 0, [[-1, 3]]]
-6 5 55296/7 3024 [1, 1, 0, [[-2, 3]]]
-6 6 -13824 -1728 [1, 1, 0, [[1, 1]]]
-6 7 -55296/17 -7344 [1, 1, 0, [[3, 4]]]
-6 8 -1728 -13824 [1, 1, 0, [[2, 2]]]
-6 9 -55296/49 -21168 [1, 1, 0, [[0, 3]]]
-6 10 -13824/17 -29376 [1, 1, 0, [[-3, 1]]]
-5 -10 -4320/11 -35200 [0, 0, 0, []]
-5 -9 -864000/1687 -26992 [0, 0, 0, []]
-5 -8 -216000/307 -19648 [2, 2, 0, [[3, 2], [4, 6]]]
-5 -7 -864000/823 -13168 [0, 0, 0, []]
-5 -6 -108000/59 -7552 [0, 0, 0, []]
-5 -5 -34560/7 -2800 [0, 0, 0, []]
-5 -4 216000/17 1088 [0, 0, 0, []]
-5 -3 864000/257 4112 [1, 1, 0, [[-1, 1]]]
-5 -2 108000/49 6272 [0, 0, 0, []]
-5 -1 864000/473 7568 [1, 1, 0, [[-2, 1]]]
-5 0 1728 8000 [1, 1, 0, [[-1, 2]]]
-5 1 864000/473 7568 [1, 1, 0, [[0, 1]]]
-5 2 108000/49 6272 [1, 1, 0, [[-2, 2]]]
-5 3 864000/257 4112 [1, 1, 0, [[2, 1]]]
-5 4 216000/17 1088 [1, 1, 0, [[0, 2]]]
-5 5 -34560/7 -2800 [1, 1, 0, [[1, 1]]]
-5 6 -108000/59 -7552 [1, 1, 0, [[2, 2]]]
-5 7 -864000/823 -13168 [1, 1, 0, [[-2, 3]]]
-5 8 -216000/307 -19648 [1, 1, 0, [[1, 2]]]
-5 9 -864000/1687 -26992 [1, 1, 0, [[0, 3]]]
-5 10 -4320/11 -35200 [1, 1, 0, [[6, 14]]]
-4 -10 -110592/611 -39104 [1, 1, 0, [[1423/9, 53675/27]]]
-4 -9 -442368/1931 -30896 [1, 1, 0, [[17/4, 57/8]]]
-4 -8 -6912/23 -23552 [0, 0, 0, []]
-4 -7 -442368/1067 -17072 [0, 0, 0, []]
-4 -6 -110592/179 -11456 [1, 1, 0, [[3, 3]]]
-4 -5 -442368/419 -6704 [1, 1, 0, [[5, 10]]]
-4 -4 -27648/11 -2816 [0, 0, 0, []]
-4 -3 442368/13 208 [0, 0, 0, []]
-4 -2 110592/37 2368 [1, 1, 0, [[-1, 1]]]
-4 -1 442368/229 3664 [0, 0, 0, []]
-4 0 1728 4096 [0, 0, 0, []]
-4 1 442368/229 3664 [2, 2, 0, [[0, 1], [2, 1]]]
-4 2 110592/37 2368 [0, 0, 0, []]
-4 3 442368/13 208 [0, 0, 0, []]
-4 4 -27648/11 -2816 [1, 1, 0, [[-2, 2]]]
-4 5 -442368/419 -6704 [0, 0, 0, []]
-4 6 -110592/179 -11456 [1, 1, 0, [[-1, 3]]]
-4 7 -442368/1067 -17072 [1, 1, 0, [[1, 2]]]
-4 8 -6912/23 -23552 [0, 0, 0, []]
-4 9 -442368/1931 -30896 [2, 2, 0, [[0, 3], [2, 3]]]
-4 10 -110592/611 -39104 [1, 1, 0, [[3, 5]]]
-3 -10 -72 -41472 [1, 1, 0, [[5, 10]]]
-3 -9 -6912/77 -33264 [1, 1, 0, [[3, 3]]]
-3 -8 -576/5 -25920 [0, 0, 0, []]
-3 -7 -768/5 -19440 [0, 0, 0, []]
-3 -6 -216 -13824 [0, 0, 0, []]
-3 -5 -2304/7 -9072 [0, 0, 0, []]
-3 -4 -576 -5184 [1, 1, 0, [[8, 22]]]
-3 -3 -6912/5 -2160 [1, 1, 0, [[4, 7]]]
-3 -1 2304 1296 [1, 1, 0, [[-1, 1]]]
-3 0 1728 1728 [0, 0, 0, []]
-3 1 2304 1296 [1, 1, 0, [[0, 1]]]
-3 3 -6912/5 -2160 [1, 1, 0, [[1, 1]]]
-3 4 -576 -5184 [1, 1, 0, [[0, 2]]]
-3 5 -2304/7 -9072 [0, 0, 0, []]
-3 6 -216 -13824 [1, 1, 0, [[1, 2]]]
-3 7 -768/5 -19440 [1, 1, 0, [[-1, 3]]]
-3 8 -576/5 -25920 [0, 0, 0, []]
-3 9 -6912/77 -33264 [1, 1, 0, [[0, 3]]]
-3 10 -72 -41472 [0, 0, 0, []]
-2 -10 -13824/667 -42688 [0, 0, 0, []]
-2 -9 -55296/2155 -34480 [0, 0, 0, []]
-2 -8 -1728/53 -27136 [1, 1, 0, [[6, 14]]]
-2 -7 -55296/1291 -20656 [1, 1, 0, [[4, 7]]]
-2 -6 -13824/235 -15040 [0, 0, 0, []]
-2 -5 -55296/643 -10288 [2, 2, 0, [[3, 4], [7, 18]]]
-2 -4 -3456/25 -6400 [0, 0, 0, []]
-2 -3 -55296/211 -3376 [1, 1, 0, [[2, 1]]]
-2 -2 -13824/19 -1216 [0, 0, 0, []]
-2 -1 55296/5 80 [0, 0, 0, []]
-2 0 1728 512 [1, 1, 0, [[-1, 1]]]
-2 1 55296/5 80 [0, 0, 0, []]
-2 2 -13824/19 -1216 [1, 1, 0, [[1, 1]]]
-2 3 -55296/211 -3376 [1, 1, 0, [[-1, 2]]]
-2 4 -3456/25 -6400 [1, 1, 0, [[0, 2]]]
-2 5 -55296/643 -10288 [2, 2, 0, [[-2, 1], [2, 3]]]
-2 6 -13824/235 -15040 [1, 1, 0, [[5, 11]]]
-2 7 -55296/1291 -20656 [0, 0, 0, []]
-2 8 -1728/53 -27136 [2, 2, 0, [[-2, 2], [-1, 3]]]
-2 9 -55296/2155 -34480 [1, 1, 0, [[0, 3]]]
-2 10 -13824/667 -42688 [1, 1, 0, [[1, 3]]]
-1 -10 -864/337 -43136 [1, 1, 0, [[169/36, 2035/216]]]
-1 -9 -6912/2183 -34928 [1, 1, 0, [[9/4, 3/8]]]
-1 -8 -1728/431 -27584 [1, 1, 0, [[3, 4]]]
-1 -7 -6912/1319 -21104 [0, 0, 0, []]
-1 -6 -864/121 -15488 [0, 0, 0, []]
-1 -5 -6912/671 -10736 [1, 1, 0, [[2, 1]]]
-1 -4 -1728/107 -6848 [0, 0, 0, []]
-1 -3 -6912/239 -3824 [0, 0, 0, []]
-1 -2 -864/13 -1664 [1, 1, 0, [[2, 2]]]
-1 -1 -6912/23 -368 [0, 0, 0, []]
-1 0 1728 64 [0, 0, 0, []]
-1 1 -6912/23 -368 [1, 1, 0, [[0, 1]]]
-1 2 -864/13 -1664 [0, 0, 0, []]
-1 3 -6912/239 -3824 [1, 1, 0, [[2, 3]]]
-1 4 -1728/107 -6848 [2, 2, 0, [[-1, 2], [1, 2]]]
-1 5 -6912/671 -10736 [0, 0, 0, []]
-1 6 -864/121 -15488 [0, 0, 0, []]
-1 7 -6912/1319 -21104 [1, 1, 0, [[-2, 1]]]
-1 8 -1728/431 -27584 [0, 0, 0, []]
-1 9 -6912/2183 -34928 [2, 2, 0, [[-1, 3], [1, 3]]]
-1 10 -864/337 -43136 [2, 2, 0, [[-2, 2], [2, 4]]]
0 -10 0 -43200 [0, 0, 0, []]
0 -9 0 -34992 [0, 0, 0, []]
0 -8 0 -27648 [0, 0, 0, []]
0 -7 0 -21168 [1, 1, 0, [[2, 1]]]
0 -6 0 -15552 [0, 0, 0, []]
0 -5 0 -10800 [0, 0, 0, []]
0 -4 0 -6912 [1, 1, 0, [[2, 2]]]
0 -3 0 -3888 [0, 0, 0, []]
0 -2 0 -1728 [1, 1, 0, [[3, 5]]]
0 -1 0 -432 [0, 0, 0, []]
0 1 0 -432 [0, 0, 0, []]
0 2 0 -1728 [1, 1, 0, [[-1, 1]]]
0 3 0 -3888 [1, 1, 0, [[1, 2]]]
0 4 0 -6912 [0, 0, 0, []]
0 5 0 -10800 [1, 1, 0, [[-1, 2]]]
0 6 0 -15552 [0, 0, 0, []]
0 7 0 -21168 [0, 0, 0, []]
0 8 0 -27648 [1, 1, 0, [[1, 3]]]
0 9 0 -34992 [1, 1, 0, [[-2, 1]]]
0 10 0 -43200 [1, 1, 0, [[-1, 3]]]
1 -10 432/169 -43264 [0, 0, 0, []]
1 -9 6912/2191 -35056 [2, 2, 0, [[2, 1], [5, 11]]]
1 -8 1728/433 -27712 [1, 1, 0, [[9/4, 19/8]]]
1 -7 6912/1327 -21232 [1, 1, 0, [[16/9, 17/27]]]
1 -6 432/61 -15616 [1, 1, 0, [[2, 2]]]
1 -5 6912/679 -10864 [1, 1, 0, [[3, 5]]]
1 -4 1728/109 -6976 [1, 1, 0, [[4, 8]]]
1 -3 6912/247 -3952 [0, 0, 0, []]
1 -2 432/7 -1792 [0, 0, 0, []]
1 -1 6912/31 -496 [1, 1, 0, [[1, 1]]]
1 0 1728 -64 [0, 0, 0, []]
1 1 6912/31 -496 [1, 1, 0, [[0, 1]]]
1 2 432/7 -1792 [0, 0, 0, []]
1 3 6912/247 -3952 [1, 1, 0, [[-1, 1]]]
1 4 1728/109 -6976 [1, 1, 0, [[0, 2]]]
1 5 6912/679 -10864 [0, 0, 0, []]
1 6 432/61 -15616 [1, 1, 0, [[-1, 2]]]
1 7 6912/1327 -21232 [1, 1, 0, [[1, 3]]]
1 8 1728/433 -27712 [1, 1, 0, [[1/4, 23/8]]]
1 9 6912/2191 -35056 [2, 2, 0, [[0, 3], [8, 23]]]
1 10 432/169 -43264 [0, 0, 0, []]
2 -10 13824/683 -43712 [1, 1, 0, [[1081/225, 35479/3375]]]
2 -9 55296/2219 -35504 [1, 1, 0, [[9/4, 21/8]]]
2 -8 1728/55 -28160 [2, 2, 0, [[2, 2], [4, 8]]]
2 -7 55296/1355 -21680 [0, 0, 0, []]
2 -6 13824/251 -16064 [0, 0, 0, []]
2 -5 55296/707 -11312 [0, 0, 0, []]
2 -4 3456/29 -7424 [0, 0, 0, []]
2 -3 55296/275 -4400 [1, 1, 0, [[2, 3]]]
2 -2 13824/35 -2240 [1, 1, 0, [[1, 1]]]
2 -1 55296/59 -944 [0, 0, 0, []]
2 0 1728 -512 [0, 0, 0, []]
2 1 55296/59 -944 [1, 1, 0, [[0, 1]]]
2 2 13824/35 -2240 [0, 0, 0, []]
2 3 55296/275 -4400 [1, 1, 0, [[3, 6]]]
2 4 3456/29 -7424 [2, 2, 0, [[-1, 1], [0, 2]]]
2 5 55296/707 -11312 [0, 0, 0, []]
2 6 13824/251 -16064 [1, 1, 0, [[1, 3]]]
2 7 55296/1355 -21680 [1, 1, 0, [[-1, 2]]]
2 8 1728/55 -28160 [0, 0, 0, []]
2 9 55296/2219 -35504 [2, 2, 0, [[0, 3], [4, 9]]]
2 10 13824/683 -43712 [0, 0, 0, []]
3 -10 864/13 -44928 [1, 1, 0, [[2, 2]]]
3 -9 6912/85 -36720 [1, 1, 0, [[6, 15]]]
3 -8 1728/17 -29376 [0, 0, 0, []]
3 -7 6912/53 -22896 [1, 1, 0, [[8, 23]]]
3 -6 864/5 -17280 [1, 1, 0, [[10, 32]]]
3 -5 6912/29 -12528 [1, 1, 0, [[2, 3]]]
3 -4 1728/5 -8640 [0, 0, 0, []]
3 -3 6912/13 -5616 [1, 1, 0, [[1, 1]]]
3 -2 864 -3456 [0, 0, 0, []]
3 -1 6912/5 -2160 [0, 0, 0, []]
3 0 1728 -1728 [1, 1, 0, [[1, 2]]]
3 1 6912/5 -2160 [1, 1, 0, [[0, 1]]]
3 2 864 -3456 [1, 1, 0, [[2, 4]]]
3 3 6912/13 -5616 [0, 0, 0, []]
3 4 1728/5 -8640 [1, 1, 0, [[0, 2]]]
3 5 6912/29 -12528 [1, 1, 0, [[1, 3]]]
3 6 864/5 -17280 [0, 0, 0, []]
3 7 6912/53 -22896 [0, 0, 0, []]
3 8 1728/17 -29376 [1, 1, 0, [[-1, 2]]]
3 9 6912/85 -36720 [1, 1, 0, [[0, 3]]]
3 10 864/13 -44928 [0, 0, 0, []]
4 -10 110592/739 -47296 [1, 1, 0, [[7, 19]]]
4 -9 442368/2443 -39088 [1, 1, 0, [[9/4, 27/8]]]
4 -8 6912/31 -31744 [0, 0, 0, []]
4 -7 442368/1579 -25264 [1, 1, 0, [[2, 3]]]
4 -6 110592/307 -19648 [1, 1, 0, [[11, 37]]]
4 -5 442368/931 -14896 [0, 0, 0, []]
4 -4 27648/43 -11008 [1, 1, 0, [[1, 1]]]
4 -3 442368/499 -7984 [1, 1, 0, [[3, 6]]]
4 -2 110592/91 -5824 [0, 0, 0, []]
4 -1 442368/283 -4528 [2, 2, 0, [[1, 2], [5, 12]]]
4 0 1728 -4096 [0, 0, 0, []]
4 1 442368/283 -4528 [1, 1, 0, [[0, 1]]]
4 2 110592/91 -5824 [0, 0, 0, []]
4 3 442368/499 -7984 [0, 0, 0, []]
4 4 27648/43 -11008 [1, 1, 0, [[0, 2]]]
4 5 442368/931 -14896 [0, 0, 0, []]
4 6 110592/307 -19648 [1, 1, 0, [[-1, 1]]]
4 7 442368/1579 -25264 [0, 0, 0, []]
4 8 6912/31 -31744 [0, 0, 0, []]
4 9 442368/2443 -39088 [2, 2, 0, [[0, 3], [2, 5]]]
4 10 110592/739 -47296 [1, 1, 0, [[3, 7]]]
5 -10 270 -51200 [0, 0, 0, []]
5 -9 864000/2687 -42992 [1, 1, 0, [[2, 3]]]
5 -8 216000/557 -35648 [0, 0, 0, []]
5 -7 864000/1823 -29168 [1, 1, 0, [[121/36, 1493/216]]]
5 -6 13500/23 -23552 [1, 1, 0, [[3, 6]]]
5 -5 34560/47 -18800 [1, 1, 0, [[1, 1]]]
5 -4 216000/233 -14912 [1, 1, 0, [[40/9, 278/27]]]
5 -3 864000/743 -11888 [1, 1, 0, [[4, 9]]]
5 -2 27000/19 -9728 [1, 1, 0, [[1, 2]]]
5 -1 864000/527 -8432 [0, 0, 0, []]
5 0 1728 -8000 [1, 1, 0, [[20, 90]]]
5 1 864000/527 -8432 [1, 1, 0, [[0, 1]]]
5 2 27000/19 -9728 [0, 0, 0, []]
5 3 864000/743 -11888 [1, 1, 0, [[1, 3]]]
5 4 216000/233 -14912 [1, 1, 0, [[0, 2]]]
5 5 34560/47 -18800 [1, 1, 0, [[4/9, 73/27]]]
5 6 13500/23 -23552 [0, 0, 0, []]
5 7 864000/1823 -29168 [2, 2, 0, [[-1, 1], [3, 7]]]
5 8 216000/557 -35648 [0, 0, 0, []]
5 9 864000/2687 -42992 [2, 2, 0, [[0, 3], [9/4, 45/8]]]
5 10 270 -51200 [1, 1, 0, [[1, 4]]]
6 -10 4608/11 -57024 [1, 1, 0, [[13/9, 35/27]]]
6 -9 55296/113 -48816 [1, 1, 0, [[3, 6]]]
6 -8 576 -41472 [0, 0, 0, []]
6 -7 2048/3 -34992 [0, 0, 0, []]
6 -6 13824/17 -29376 [1, 1, 0, [[1, 1]]]
6 -5 18432/19 -24624 [1, 1, 0, [[7/9, 10/27]]]
6 -4 1152 -20736 [1, 1, 0, [[2, 4]]]
6 -3 55296/41 -17712 [1, 1, 0, [[1, 2]]]
6 -2 1536 -15552 [0, 0, 0, []]
6 -1 18432/11 -14256 [0, 0, 0, []]
6 0 1728 -13824 [0, 0, 0, []]
6 1 18432/11 -14256 [1, 1, 0, [[0, 1]]]
6 2 1536 -15552 [1, 1, 0, [[1, 3]]]
6 3 55296/41 -17712 [1, 1, 0, [[1/4, 17/8]]]
6 4 1152 -20736 [2, 2, 0, [[0, 2], [3, 7]]]
6 5 18432/19 -24624 [1, 1, 0, [[2, 5]]]
6 6 13824/17 -29376 [0, 0, 0, []]
6 7 2048/3 -34992 [0, 0, 0, []]
6 8 576 -41472 [1, 1, 0, [[-1, 1]]]
6 9 55296/113 -48816 [1, 1, 0, [[0, 3]]]
6 10 4608/11 -57024 [0, 0, 0, []]
7 -10 296352/509 -65152 [1, 1, 0, [[154/25, 2042/125]]]
7 -9 2370816/3559 -56944 [1, 1, 0, [[17/4, 79/8]]]
7 -8 592704/775 -49600 [1, 1, 0, [[9, 28]]]
7 -7 48384/55 -43120 [1, 1, 0, [[1, 1]]]
7 -6 296352/293 -37504 [1, 1, 0, [[2, 4]]]
7 -5 2370816/2047 -32752 [1, 1, 0, [[10/9, 55/27]]]
7 -4 592704/451 -28864 [1, 1, 0, [[1, 2]]]
7 -3 2370816/1615 -25840 [0, 0, 0, []]
7 -2 296352/185 -23680 [1, 1, 0, [[6, 16]]]
7 -1 2370816/1399 -22384 [1, 1, 0, [[1/4, 7/8]]]
7 0 1728 -21952 [0, 0, 0, []]
7 1 2370816/1399 -22384 [2, 2, 0, [[0, 1], [1, 3]]]
7 2 296352/185 -23680 [0, 0, 0, []]
7 3 2370816/1615 -25840 [1, 1, 0, [[2, 5]]]
7 4 592704/451 -28864 [1, 1, 0, [[0, 2]]]
7 5 2370816/2047 -32752 [0, 0, 0, []]
7 6 296352/293 -37504 [0, 0, 0, []]
7 7 48384/55 -43120 [0, 0, 0, []]
7 8 592704/775 -49600 [2, 2, 0, [[1, 4], [7, 20]]]
7 9 2370816/3559 -56944 [2, 2, 0, [[-1, 1], [0, 3]]]
7 10 296352/509 -65152 [0, 0, 0, []]
8 -10 884736/1187 -75968 [1, 1, 0, [[19/9, 109/27]]]
8 -9 3538944/4235 -67760 [1, 1, 0, [[65/16, 609/64]]]
8 -8 55296/59 -60416 [2, 2, 0, [[1, 1], [2, 4]]]
8 -7 3538944/3371 -53936 [0, 0, 0, []]
8 -6 884736/755 -48320 [0, 0, 0, []]
8 -5 3538944/2723 -43568 [1, 1, 0, [[1, 2]]]
8 -4 221184/155 -39680 [0, 0, 0, []]
8 -3 3538944/2291 -36656 [0, 0, 0, []]
8 -2 884736/539 -34496 [1, 1, 0, [[3, 7]]]
8 -1 3538944/2075 -33200 [0, 0, 0, []]
8 0 1728 -32768 [1, 1, 0, [[1, 3]]]
8 1 3538944/2075 -33200 [1, 1, 0, [[2, 5]]]
8 2 884736/539 -34496 [0, 0, 0, []]
8 3 3538944/2291 -36656 [1, 1, 0, [[13, 48]]]
8 4 221184/155 -39680 [1, 1, 0, [[0, 2]]]
8 5 3538944/2723 -43568 [0, 0, 0, []]
8 6 884736/755 -48320 [0, 0, 0, []]
8 7 3538944/3371 -53936 [1, 1, 0, [[1, 4]]]
8 8 55296/59 -60416 [0, 0, 0, []]
8 9 3538944/4235 -67760 [1, 1, 0, [[0, 3]]]
8 10 884736/1187 -75968 [1, 1, 0, [[-1, 1]]]
9 -10 11664/13 -89856 [1, 1, 0, [[2, 4]]]
9 -9 6912/7 -81648 [1, 1, 0, [[1, 1]]]
9 -8 46656/43 -74304 [1, 1, 0, [[8, 24]]]
9 -7 186624/157 -67824 [0, 0, 0, []]
9 -6 1296 -62208 [1, 1, 0, [[1, 2]]]
9 -5 186624/133 -57456 [1, 1, 0, [[3, 7]]]
9 -4 46656/31 -53568 [1, 1, 0, [[4/9, 8/27]]]
9 -3 20736/13 -50544 [1, 1, 0, [[28, 149]]]
9 -2 11664/7 -48384 [0, 0, 0, []]
9 -1 186624/109 -47088 [2, 2, 0, [[1, 3], [5, 13]]]
9 0 1728 -46656 [1, 1, 0, [[4, 10]]]
9 1 186624/109 -47088 [1, 1, 0, [[0, 1]]]
9 2 11664/7 -48384 [0, 0, 0, []]
9 3 20736/13 -50544 [0, 0, 0, []]
9 4 46656/31 -53568 [1, 1, 0, [[0, 2]]]
9 5 186624/133 -57456 [0, 0, 0, []]
9 6 1296 -62208 [1, 1, 0, [[1, 4]]]
9 7 186624/157 -67824 [0, 0, 0, []]
9 8 46656/43 -74304 [0, 0, 0, []]
9 9 6912/7 -81648 [1, 1, 0, [[0, 3]]]
9 10 11664/13 -89856 [1, 1, 0, [[2, 6]]]
10 -10 69120/67 -107200 [2, 2, 0, [[1, 1], [41/25, 411/125]]]
10 -9 6912000/6187 -98992 [0, 0, 0, []]
10 -8 216000/179 -91648 [1, 1, 0, [[3, 7]]]
10 -7 6912000/5323 -85168 [1, 1, 0, [[1, 2]]]
10 -6 1728000/1243 -79552 [1, 1, 0, [[5, 13]]]
10 -5 276480/187 -74800 [1, 1, 0, [[9/4, 43/8]]]
10 -4 432000/277 -70912 [1, 1, 0, [[4, 10]]]
10 -3 6912000/4243 -67888 [1, 1, 0, [[2, 5]]]
10 -2 1728000/1027 -65728 [2, 2, 0, [[1, 3], [57, 431]]]
10 -1 6912000/4027 -64432 [1, 1, 0, [[17/4, 87/8]]]
10 0 1728 -64000 [0, 0, 0, []]
10 1 6912000/4027 -64432 [2, 2, 0, [[0, 1], [12, 43]]]
10 2 1728000/1027 -65728 [1, 1, 0, [[1/4, 17/8]]]
10 3 6912000/4243 -67888 [1, 1, 0, [[11, 38]]]
10 4 432000/277 -70912 [1, 1, 0, [[0, 2]]]
10 5 276480/187 -74800 [1, 1, 0, [[1, 4]]]
10 6 1728000/1243 -79552 [0, 0, 0, []]
10 7 6912000/5323 -85168 [2, 2, 0, [[3, 8], [19, 84]]]
10 8 216000/179 -91648 [1, 1, 0, [[2, 6]]]
10 9 6912000/6187 -98992 [1, 1, 0, [[0, 3]]]
10 10 69120/67 -107200 [1, 1, 0, [[9/4, 53/8]]]

Resume
-10 -10 69120/13 20800 [1, 1, 0, [[-11/9, 17/27]]]
-10 -8 216000/71 36352 [2, 2, 0, [[-2, 2], [-1, 1]]]
-10 10 69120/13 20800 [1, 1, 0, [[1, 1]]]
-9 -10 23328 3456 [1, 1, 0, [[10, 30]]]
-8 -6 884736/269 17216 [2, 2, 0, [[-1, 1], [-7/4, 13/8]]]
-8 9 -3538944/139 -2224 [1, 1, 0, [[-1, 4]]]
-7 -5 2370816/697 11152 [2, 2, 0, [[-2, 1], [-1, 1]]]
-7 7 48384 784 [1, 1, 0, [[-3, 1]]]
-4 1 442368/229 3664 [2, 2, 0, [[0, 1], [2, 1]]]
-2 0 1728 512 [1, 1, 0, [[-1, 1]]]
-1 1 -6912/23 -368 [1, 1, 0, [[0, 1]]]
--------------------------------------


Resume minimal discriminator
============================
rank  1     2
      [368, 3664, +oo, +oo
==========================


\\ PARIGP Script

\l "f:table.log"

{

LL= 10;

for(A= -LL,+LL,
for(B= -LL,+LL,
   E = ellinit([A,B]);if(#E<1,next);
   RP=ellratpoints(E,10000);
   a = ellrank(E,,RP);
   printsep(" ",A,B,E.j,E.disc,a);
   );
   );
   
print;

print("Resume");
V=vector(10,i,oo);

for(A= -LL,+LL,
for(B= -LL,+LL,
   E = ellinit([A,B]);if(#E<1,next);
   abdis=abs(E.disc);
   RP=ellratpoints(E,10000);
   a = ellrank(E,,RP);
   r=a[1];if(r<1,next);
   
   if(abdis <= V[r],
      V[r]=abdis;
      printsep(" ",A,B,E.j,E.disc,a);
      );
   );
   );
   print(V);
}
  


