


\l "f:log.log"

{

forsquarefree(nsf= ? , ? ,
   n=nsf[1];
   c = ellinit([-n^2,0]);
   a = ellanalyticrank(c);
   r = a[1];

   if(r>=2,
      printsep1(" ", n,r);
      for(i=1,r,print1("*"));
      print;
      )

   )

}
   
\\ Authors credit:
\\ Code from Charles R Greathouse IV, Sep 01 2011.
\\ Corrected by Frank M Jackson, Aug 04 2016.
\\ Data from Jinyuan Wang: 453 lines file.



9015 3***
9049 2**
9066 2**
9089 2**
9121 2**
9122 2**
9131 2**
9170 2**
9226 2**
9257 2**
9281 2**
9339 2**
9345 2**
9347 2**
9354 2**
9377 2**
9379 2**
9395 2**
9401 2**
9430 3***
9434 2**
9435 2**
9442 2**
9451 2**
9465 2**
9483 2**
9490 2**
9497 2**
9521 2**
9546 2**
9554 2**
9579 2**
9595 2**
9601 2**
9618 2**
9634 2**
9641 2**
9642 2**
9654 3***
9658 2**
9690 2**
9730 2**
9731 2**
9779 2**
9809 2**
9841 2**
9867 2**
9986 2**
10001 2**
10010 2**
10011 2**
10033 2**
10059 2**
10074 2**
10145 2**
10146 2**
10195 2**
10199 3***
10329 2**
10337 2**
10346 2**
10355 2**
10370 2**
10371 2**
10385 2**
10434 2**
10489 2**
10491 2**
10505 2**
10545 2**
10549 3***
10553 2**
10562 2**
10601 2**
10619 2**
10626 2**
10635 2**
10649 2**
10699 2**
10730 2**
10777 2**
10785 2**
10810 2**
10945 2**
10961 2**
11005 3***
11010 2**
11029 3***
11065 2**
11082 2**
11186 2**
11193 2**
11195 2**
11201 2**
11211 2**
11226 2**
11234 2**
11265 2**
11297 2**
11330 2**
11369 2**
11377 2**
11401 2**
11458 2**
11513 2**
11523 2**
11539 2**
11571 2**
11577 2**
11635 2**
11641 2**
11659 2**
11713 2**
11715 2**
11753 2**
11778 2**
11811 2**
11819 2**
11914 2**
11978 2**
12035 2**
12121 2**
12155 2**
12161 2**
12166 3***
12185 2**
12209 2**
12241 2**
12257 2**
12259 2**
12270 3***
12306 2**
12331 2**
12361 2**
12369 2**
12378 2**
12426 2**
12435 2**
12505 2**
12513 2**
12534 3***
12545 2**
12570 2**
12595 2**
12603 2**
12673 2**
12682 2**
12706 2**
12747 2**
12761 2**
12785 2**
12809 2**
12833 2**
12859 2**
12889 2**
12898 2**
12929 2**
12930 2**
12935 3***
12937 2**
12962 2**
12986 2**
12994 2**
13019 2**
13065 2**
13114 2**
13154 2**
13169 2**
13179 2**
13195 2**
13202 2**
13210 2**
13242 2**
13251 2**
13258 2**
13299 2**
13317 3***
13323 2**
13345 2**
13346 2**
13362 2**
13363 2**
13369 2**
13395 2**
13441 2**
13442 2**
13513 2**
13515 2**
13531 2**
13539 2**
13546 2**
13561 2**
13585 2**
13593 2**
13601 2**
13610 2**
13634 2**
13706 2**
13715 2**
13746 2**
13785 2**
13795 2**
13801 2**
13826 2**
13841 2**
13890 2**
13921 2**
13930 2**
14003 2**
14035 2**
14089 2**
14091 2**
14114 2**
14154 2**
14170 2**
14186 2**
14209 2**
14273 2**
14281 2**
14289 2**
14321 2**
14322 2**
14385 2**
14393 2**
14394 2**
14442 2**
14449 2**
14529 2**
14531 2**
14539 2**
14554 2**
14593 2**
14603 2**
14610 2**
14649 2**
14658 2**
14705 2**
14722 2**
14763 2**
14794 2**
14818 2**
14835 2**
14890 2**
14915 2**
14929 2**
14938 2**
14946 2**
14965 3***
14978 2**
15035 2**
15067 2**
15073 2**
15074 2**
15105 2**
15106 2**
15169 2**
15170 2**
15185 2**
15249 2**
15258 2**
15266 2**
15281 2**
15347 2**
15361 2**
15371 2**
15378 2**
15395 2**
15449 2**
15465 2**
15481 2**
15499 2**
15515 2**
15546 2**
15569 2**
15585 2**
15617 2**
15626 2**
15635 2**
15655 3***
15665 2**
15699 2**
15721 2**
15737 2**
15738 2**
15753 2**
15761 2**
15763 2**
15770 2**
15771 2**
15785 2**
15811 2**
15833 2**
15834 2**
15841 2**
15857 2**
15946 2**
15977 2**
16034 2**
16043 2**
16057 2**
16089 2**
16107 2**
16147 2**
16151 3***
16153 2**
16154 2**
16162 2**
16185 2**
16195 2**
16206 3***
16226 2**
16241 2**
16259 2**
16346 2**
16347 2**
16378 2**
16385 2**
16409 2**
16417 2**
16419 2**
16426 2**
16465 2**
16482 2**
16505 2**
16530 2**
16531 2**
16539 2**
16610 2**
16666 2**
16673 2**
16674 2**
16705 2**
16714 2**
16761 2**
16771 2**
16786 2**
16795 2**
16827 2**
16835 2**
16882 2**
16887 3***
16898 2**
16907 2**
16913 2**
16985 2**
17009 2**
17017 2**
17059 2**
17067 2**
17113 2**
17114 2**
17121 2**
17202 2**
17227 2**
17259 2**
17266 2**
17283 2**
17290 2**
17355 2**
17401 2**
17402 2**
17418 2**
17435 2**
17458 2**
17459 2**
17473 2**
17474 2**
17490 2**
17498 2**
17506 2**
17521 2**
17561 2**
17570 2**
17641 2**
17731 2**
17753 2**
17754 2**
17777 2**
17794 2**
17795 2**
17803 2**
17810 2**
17841 2**
17843 2**
17906 2**
17953 2**
17958 3***
17963 2**
17985 2**
18010 2**
18034 2**
18042 2**
18051 2**
18154 2**
18161 2**
18219 2**
18221 3***
18265 2**
18290 2**
18299 2**
18330 2**
18354 2**
18363 2**
18377 2**
18403 2**
18410 2**
18465 2**
18497 2**
18506 2**
18507 2**
18530 2**
18546 2**
18561 2**
18562 2**
18595 2**
18618 2**
18705 2**
18715 2**
18722 2**
18746 2**
18753 2**
18761 2**
18833 2**
18849 2**
18907 2**
18921 2**
18938 2**
18970 2**
18995 2**
19046 3***
19065 2**
19106 2**
19146 2**
19147 2**
19194 2**
19195 2**
19273 2**
19298 2**
19329 2**
19401 2**
19402 2**
19537 2**
19561 2**
19569 2**
19610 2**
19619 2**
19642 2**
19714 2**
19721 2**
19726 3***
19762 2**
19778 2**
19810 2**
19866 2**
19873 2**
19939 2**
19947 2**
19995 2**
20001 2**
20002 2**
20005 3***
20009 2**
20026 2**
20033 2**
20066 2**
20105 2**
20113 2**
20130 2**
20131 2**
20137 2**
20155 2**
20162 2**
20201 2**
20209 2**
20210 2**
20233 2**
20235 2**
20267 2**
20306 2**
20314 2**
20315 2**
20355 2**
20366 3***
20378 2**
20386 2**
20410 2**
20474 2**
20514 2**
20539 2**
20553 2**
20586 2**
20609 2**
20642 2**
20643 2**
20651 2**
20761 2**
20774 3***
20810 2**
20890 2**
20909 3***
20922 2**
20930 2**
20945 2**
20962 2**
21009 2**
21026 2**
21034 2**
21041 2**
21049 2**
21058 2**
21090 2**
21115 2**
21162 2**
21170 2**
21257 2**
21274 2**
21314 2**
21369 2**
21385 2**
21387 2**
21414 3***
21459 2**
21507 2**
21513 2**
21553 2**
21585 2**
21601 2**
21619 2**
21641 2**
21714 2**
21715 2**
21738 2**
21754 2**
21755 2**
21777 2**
21835 2**
21865 2**
21867 2**
21913 2**
21945 2**
22009 2**
22010 2**
22034 2**
22042 2**
22106 2**
22114 2**
22134 3***
22161 2**
22179 2**
22211 2**
22219 2**
22251 2**
22265 2**
22274 2**
22282 2**
22289 2**
22321 2**
22323 2**
22330 2**
22345 2**
22386 2**
22466 2**
22490 2**
22523 2**
22586 2**
22633 2**
22649 2**
22682 2**
22705 2**
22715 2**
22810 2**
22865 2**
22866 2**
22890 2**
22945 2**
22954 2**
23001 2**
23010 2**
23042 2**
23178 2**
23185 2**
23195 2**
23218 2**
23233 2**
23234 2**
23258 2**
23259 2**
23266 2**
23329 2**
23359 3***
23385 2**
23405 3***
23446 3***
23457 2**
23497 2**
23506 2**
23529 2**
23585 2**
23619 2**
23705 2**
23709 3***
23730 2**
23737 2**
23746 2**
23779 2**
23795 2**
23834 2**
23843 2**
23849 2**
23874 2**
23883 2**
23907 2**
23929 2**
23938 2**
23970 2**
24081 2**
24161 2**
24190 3***
24211 2**
24297 2**
24305 2**
24313 2**
24361 2**
24385 2**
24386 2**
24395 2**
24409 2**
24414 3***
24465 2**
24467 2**
24474 2**
24490 2**
24521 2**
24530 2**
24569 2**
24577 2**
24595 2**
24610 2**
24627 2**
24634 2**
24778 2**
24785 2**
24793 2**
24802 2**
24809 2**
24817 2**
24866 2**
24889 2**
24905 2**
24913 2**
24994 2**
24995 2**
25018 2**
25027 2**
25049 2**
25105 2**
25121 2**
25122 2**
25154 2**
25177 2**
25194 2**
25203 2**
25233 2**
25234 2**
25258 2**
25259 2**
25267 2**
25313 2**
25322 2**
25345 2**
25379 2**
25385 2**
25409 2**
25417 2**
25442 2**
25467 2**
25473 2**
25474 2**
25530 2**
25555 2**
25563 2**
25577 2**
25601 2**
25619 2**
25666 2**
25681 2**
25683 2**
25690 2**
25707 2**
25739 2**
25745 2**
25754 2**
25795 2**
25979 2**
25985 2**
25987 2**
25993 2**
26013 3***
26018 2**
26059 2**
26067 2**
26089 2**
26115 2**
26123 2**
26130 2**
26209 2**
26243 2**
26245 3***
26265 2**
26315 2**
26329 2**
26331 2**
26385 2**
26386 2**
26426 2**
26441 2**
26473 2**
26474 2**
26489 2**
26491 2**
26497 2**
26498 2**
26513 2**
26565 3***
26593 2**
26619 2**
26626 2**
26681 2**
26697 2**
26715 2**
26818 2**
26826 2**
26866 2**
26890 2**
26921 2**
26929 2**
26945 2**
26970 2**
27003 2**
27017 2**
27185 2**
27186 2**
27202 2**
27241 2**
27249 2**
27258 2**
27265 2**
27313 2**
27314 2**
27354 2**
27370 2**
27393 2**
27401 2**
27419 2**
27451 2**
27458 2**
27466 2**
27555 2**
27613 3***
27651 2**
27674 2**
27682 2**
27699 2**
27761 2**
27787 2**
27811 2**
27833 2**
27842 2**
27897 2**
27898 2**
27913 2**
27921 2**
27987 2**
27995 2**
28007 3***
28010 2**
28065 2**
28067 2**
28074 2**
28186 2**
28217 2**
28221 3***
28234 2**
28241 2**
28281 2**
28282 2**
28291 2**
28329 2**
28345 2**
28354 2**
28378 2**
28441 2**
28545 2**
28587 2**
28601 2**
28618 2**
28633 2**
28634 2**
28658 2**
28705 2**
28706 2**
28738 2**
28739 2**
28770 2**
28806 3***
28826 2**
28866 2**
28891 2**
28897 2**
28905 2**
28907 2**
28913 2**
28914 2**
28938 2**
28946 2**
28993 2**
29041 2**
29055 3***
29058 2**
29122 2**
29137 2**
29154 2**
29185 2**
29211 2**
29219 2**
29226 2**
29233 2**
29265 2**
29274 4**** 444444444444444444
29281 2**
29289 2**
29294 3***
29314 2**
29323 2**
29370 2**
29395 2**
29465 2**
29523 2**
29585 2**
29614 3***
29641 2**
29698 2**
29731 2**
29786 2**
29794 2**
29809 2**
29859 2**
29865 2**
29866 2**
29883 2**
29905 2**
29915 2**
29954 2**
29986 2**
30009 2**
30019 2**
30081 2**
30107 2**
30178 2**
30234 2**
30270 3***
30283 2**
30305 2**
30387 2**
30394 2**
30395 2**
30435 2**
30490 2**
30506 2**
30529 2**
30530 2**
30531 2**
30545 2**
30570 2**
30595 2**
30601 2**
30617 2**
30705 2**
30721 2**
30739 2**
30745 2**
30810 2**
30819 2**
30866 2**
30881 2**
30914 2**
30947 2**
30970 2**
30977 2**
30979 2**
30985 2**
30995 2**
31001 2**
31018 2**
31049 2**
31065 2**
31081 2**
31098 2**
31146 2**
31169 2**
31201 2**
31234 2**
31249 2**
31290 2**
31297 2**
31346 2**
31369 2**
31449 2**
31481 2**
31490 2**
31529 2**
31561 2**
31579 2**
31595 2**
31609 2**
31619 2**
31641 2**
31665 2**
31681 2**
31746 2**
31778 2**
31785 2**
31809 2**
31818 2**
31857 2**
31858 2**
31874 2**
31906 2**
31930 2**
31947 2**
31993 2**
32010 2**
32039 3***
32066 2**
32081 2**
32097 2**
32154 2**
32155 2**
32194 2**
32318 3***
32330 2**
32331 2**
32385 2**
32402 2**
32457 2**
32466 2**
32505 2**
32513 2**
32546 2**
32595 2**
32599 3***
32610 2**
32618 2**
32633 2**
32729 2**
32745 2**
32754 2**
32770 2**
32809 2**
32819 2**
32857 2**
32858 2**
32882 2**
32883 2**
32893 3***
32929 2**
32953 2**
32970 2**
33011 2**
33019 2**
33051 2**
33065 2**
33113 2**
33117 3***
33122 2**
33155 2**
33169 2**
33170 2**
33218 2**
33258 2**
33274 2**
33286 3***
33299 2**
33305 2**
33306 2**
33307 2**
33313 2**
33321 2**
33346 2**
33361 2**
33362 2**
33371 2**
33441 2**
33521 2**
33537 2**
33546 2**
33553 2**
33586 2**
33594 2**
33595 2**
33649 2**
33745 2**
33769 2**
33779 2**
33785 2**
33787 2**
33899 2**
33915 2**
33994 2**
34026 2**
34041 2**
34097 2**
34099 2**
34185 2**
34241 2**
34289 2**
34291 2**
34306 2**
34314 2**
34321 2**
34451 2**
34491 2**
34523 2**
34539 2**
34546 2**
34547 2**
34593 2**
34601 2**
34609 2**
34611 2**
34689 2**
34691 2**
34697 2**
34698 2**
34706 2**
34721 2**
34786 2**
34795 2**
34827 2**
34833 2**
34851 2**
34874 2**
34881 2**
34891 2**
34906 2**
34921 2**
34945 2**
34978 2**
35089 2**
35122 2**
35123 2**
35129 2**
35139 2**
35147 2**
35209 2**
35234 2**
35249 2**
35269 3***
35282 2**
35286 3***
35315 2**
35345 2**
35346 2**
35353 2**
35371 2**
35377 2**
35386 2**
35394 2**
35409 2**
35411 2**
35457 2**
35483 2**
35537 2**
35562 2**
35619 2**
35627 2**
35641 2**
35651 2**
35689 2**
35719 3***
35795 2**
35826 2**
35841 2**
35842 2**
35931 2**
35953 2**
35970 2**
35985 2**
36002 2**
36010 2**
36017 2**
36051 2**
36098 2**
36114 2**
36121 2**
36139 2**
36145 2**
36146 2**
36186 2**
36209 2**
36210 2**
36313 2**
36337 2**
36361 2**
36366 3***
36395 2**
36401 2**
36403 2**
36411 2**
36490 2**
36498 2**
36519 3***
36537 2**
36545 2**
36570 2**
36586 2**
36610 2**
36642 2**
36665 2**
36706 2**
36707 2**
36777 2**
36865 2**
36874 2**
36883 2**
36889 2**
36890 2**
36939 2**
37009 2**
37033 2**
37057 2**
37065 2**
37122 2**
37185 2**
37201 2**
37241 2**
37313 2**
37329 2**
37403 2**
37411 2**
37417 2**
37443 2**
37457 2**
37474 2**
37481 2**
37497 2**
37505 2**
37513 2**
37522 2**
37577 2**
37578 2**
37705 2**
37706 2**
37762 2**
37770 2**
37819 2**
37862 3***
37865 2**
37866 2**
37914 2**
37945 2**
38049 2**
38066 2**
38081 2**
38090 2**
38114 2**
38163 2**
38211 2**
38242 2**
38329 2**
38409 2**
38410 2**
38419 2**
38443 2**
38467 2**
38531 2**
38570 2**
38595 2**
38633 2**
38690 2**
38731 2**
38777 2**
38787 2**
38793 2**
38795 2**
38801 2**
38833 2**
38883 2**
38890 2**
38922 2**
38953 2**
38982 3***
38985 2**
38995 2**
39026 2**
39065 2**
39067 2**
39121 2**
39130 2**
39169 2**
39185 2**
39202 2**
39209 2**
39219 2**
39243 2**
39265 2**
39331 2**
39338 2**
39346 2**
39353 2**
39395 2**
39410 2**
39433 2**
39435 2**
39497 2**
39522 2**
39531 2**
39554 2**
39586 2**
39630 3***
39643 2**
39745 2**
39746 2**
39747 2**
39754 2**
39817 2**
39835 2**
39889 2**
39963 2**
40001 2**
40081 2**
40137 2**
40177 2**
40187 2**
40195 2**
40289 2**
40299 2**
40314 2**
40330 2**
40337 2**
40345 2**
40354 2**
40370 2**
40386 2**
40394 2**
40397 3***
40406 3***
40417 2**
40467 2**
40505 2**
40506 2**
40514 2**
40547 2**
40577 2**
40586 2**
40593 2**
40651 2**
40710 3***
40745 2**
40754 2**
40874 2**
40885 3***
40890 2**
40894 3***
40961 2**
40971 2**
41026 2**
41027 2**
41041 2**
41065 2**
41123 2**
41151 3***
41153 2**
41181 3***
41187 2**
41210 2**
41230 3***
41290 2**
41309 3***
41314 2**
41354 2**
41361 2**
41378 2**
41385 2**
41403 2**
41474 2**
41582 3***
41658 2**
41665 2**
41689 2**
41723 2**
41761 2**
41794 2**
41801 2**
41810 2**
41858 2**
41865 2**
41881 2**
41906 2**
41937 2**
41939 2**
41943 3***
41979 2**
42001 2**
42029 3***
42035 2**
42073 2**
42074 2**
42090 2**
42130 2**
42154 2**
42161 2**
42177 2**
42193 2**
42195 2**
42211 2**
42217 2**
42218 2**
42305 2**
42315 2**
42330 2**
42347 2**
42377 2**
42401 2**
42458 2**
42486 3***
42490 2**
42521 2**
42529 2**
42553 2**
42587 2**
42593 2**
42594 2**
42690 2**
42691 2**
42721 2**
42722 2**
42737 2**
42770 2**
42833 2**
42842 2**
42851 2**
42882 2**
42889 2**
42897 2**
42913 2**
42938 2**
42961 2**
43010 2**
43026 2**
43035 2**
43043 2**
43099 2**
43147 2**
43194 2**
43203 2**
43217 2**
43289 2**
43298 2**
43323 2**
43355 2**
43369 2**
43393 2**
43401 2**
43405 3***
43426 2**
43435 2**
43441 2**
43491 2**
43507 2**
43523 2**
43530 2**
43554 2**
43555 2**
43595 2**
43617 2**
43618 2**
43649 2**
43673 2**
43737 2**
43745 2**
43746 2**
43769 2**
43795 2**
43818 2**
43841 2**
43859 2**
43870 3***
43882 2**
43883 2**
43890 2**
43945 2**
43955 2**
43961 2**
43969 2**
44105 2**
44115 2**
44187 2**
44274 2**
44338 2**
44386 2**
44393 2**
44401 2**
44419 2**
44426 2**
44449 2**
44489 2**
44545 2**
44569 2**
44578 2**
44618 2**
44713 2**
44714 2**
44731 2**
44747 2**
44801 2**
44945 2**
44947 2**
44970 2**
44986 2**
45037 3***
45041 2**
45065 2**
45066 2**
45105 2**
45115 2**
45118 3***
45195 2**
45201 2**
45211 2**
45241 2**
45283 2**
45313 2**
45339 2**
45370 2**
45426 2**
45474 2**
45497 2**
45539 2**
45545 2**
45579 2**
45626 2**
45627 2**
45651 2**
45746 2**
45771 2**
45778 2**
45849 2**
45866 2**
45922 2**
45923 2**
45929 2**
45978 2**
46001 2**
46002 2**
46018 2**
46065 2**
46081 2**
46114 2**
46138 2**
46145 2**
46153 2**
46154 2**
46169 2**
46185 2**
46246 3***
46274 4**** 4444444444444444444
46283 2**
46330 2**
46379 2**
46434 2**
46483 2**
46506 2**
46515 2**
46531 2**
46537 2**
46561 2**
46562 2**
46563 2**
46595 2**
46657 2**
46658 2**
46690 2**
46739 2**
46745 2**
46754 4**** 444444444444444444444
46777 2**
46778 2**
46793 2**
46833 2**
46921 2**
46938 2**
46947 2**
46961 2**
46979 2**
47003 2**
47009 2**
47010 2**
47019 2**
47026 2**
47027 2**
47066 2**
47074 2**
47090 2**
47094 3***
47153 2**
47154 2**
47177 2**
47219 2**
47233 2**
47235 2**
47242 2**
47249 2**
47266 2**
47273 2**
47281 2**
47299 2**
47321 2**
47329 2**
47355 2**
47362 2**
47377 2**
47410 2**
47417 2**
47474 2**
47483 2**
47523 2**
47539 2**
47561 2**
47571 2**
47585 2**
47586 2**
47697 2**
47730 2**
47787 2**
47801 2**
47859 2**
47905 2**
47957 3***
47978 2**
47994 2**
48017 2**
48018 2**
48026 2**
48057 2**
48059 2**
48121 2**
48145 2**
48146 2**
48147 2**
48202 2**
48226 2**
48282 2**
48290 2**
48305 2**
48323 2**
48329 2**
48345 2**
48346 2**
48377 2**
48410 2**
48435 2**
48490 2**
48505 2**
48507 2**
48514 2**
48547 2**
48570 2**
48577 2**
48601 2**
48622 3***
48641 2**
48665 2**
48689 2**
48691 2**
48698 2**
48705 2**
48737 2**
48745 2**
48761 2**
48777 2**
48786 2**
48865 2**
48899 2**
48913 2**
48923 2**
48930 2**
48977 2**
48994 2**
48995 2**
49042 2**
49081 2**
49153 2**
49178 2**
49186 2**
49218 2**
49235 2**
49241 2**
49249 2**
49259 2**
49267 2**
49282 2**
49322 2**
49345 2**
49387 2**
49393 2**
49449 2**
49465 2**
49515 2**
49538 2**
49569 2**
49594 2**
49601 2**
49611 2**
49681 2**
49706 2**
49714 2**
49715 2**
49793 2**
49794 2**
49802 2**
49858 2**
49873 2**
49889 2**
49913 2**
49915 2**
49929 2**
49970 2**
49993 2**
50061 3***
50089 2**
50091 2**
50161 2**
50169 2**
50177 2**
50185 2**
50235 2**
50249 2**
50251 2**
50266 2**
50338 2**
50347 2**
50369 2**
50386 2**
50395 2**
50466 2**
50523 2**
50530 2**
50537 2**
50546 2**
50583 3***
50585 2**
50609 2**
50626 2**
50629 3***
50689 2**
50691 2**
50753 2**
50801 2**
50809 2**
50818 2**
50851 2**
50882 2**
50915 2**
50921 2**
50953 2**
50955 2**
51017 2**
51019 2**
51051 2**
51163 2**
51179 2**
51186 2**
51209 2**
51249 2**
51259 2**
51267 2**
51302 3***
51330 2**
51339 2**
51359 3***
51361 2**
51395 2**
51481 2**
51555 2**
51562 2**
51569 2**
51585 2**
51586 2**
51590 3***
51610 2**
51626 2**
51649 2**
51673 2**
51682 2**
51779 2**
51794 2**
51818 2**
51833 2**
51835 2**
51881 2**
51898 2**
51906 2**
51933 3***
51946 2**
51995 2**
52001 2**
52018 2**
52026 2**
52049 2**
52059 2**
52098 2**
52122 2**
52170 2**
52193 2**
52210 2**
52273 2**
52297 2**
52321 2**
52338 2**
52346 2**
52377 2**
52457 2**
52499 2**
52505 2**
52539 2**
52601 2**
52611 2**
52658 2**
52698 2**
52762 2**
52769 2**
52771 2**
52779 2**
52795 2**
52899 2**
52915 2**
52985 2**
52993 2**
53074 2**
53097 2**
53105 2**
53161 2**
53162 2**
53179 2**
53193 2**
53195 2**
53265 2**
53395 2**
53409 2**
53490 2**
53506 2**
53531 2**
53539 2**
53570 2**
53593 2**
53601 2**
53605 3***
53618 2**
53634 2**
53635 2**
53641 2**
53690 2**
53737 2**
53761 2**
53762 2**
53777 2**
53833 2**
53859 2**
53890 2**
53905 2**
53945 2**
53970 2**
53977 2**
53985 2**
53986 2**
53995 2**
54033 2**
54049 2**
54067 2**
54113 2**
54121 2**
54131 2**
54179 2**
54202 2**
54210 2**
54233 2**
54291 2**
54385 2**
54395 2**
54410 2**
54417 2**
54426 2**
54434 2**
54467 2**
54507 2**
54529 2**
54634 2**
54641 2**
54721 2**
54722 2**
54723 2**
54745 2**
54786 2**
54795 2**
54817 2**
54834 2**
54866 2**
54881 2**
54969 2**
54994 2**
55042 2**
55074 2**
55139 2**
55154 2**
55279 3***
55290 2**
55345 2**
55354 2**
55361 2**
55393 2**
55426 2**
55433 2**
55434 2**
55465 2**
55510 3***
55514 2**
55522 2**
55549 3***
55555 2**
55618 2**
55627 2**
55681 2**
55705 2**
55729 2**
55731 2**
55794 2**
55795 2**
55801 2**
55842 2**
55859 2**
55874 2**
55898 2**
55913 2**
55946 2**
55970 2**
55986 2**
55993 2**
56019 2**
56033 2**
56041 2**
56155 2**
56161 2**
56162 2**
56186 2**
56233 2**
56243 2**
56289 2**
56377 2**
56406 3***
56451 2**
56459 2**
56474 2**
56491 2**
56602 2**
56630 3***
56715 2**
56721 2**
56729 2**
56730 2**
56769 2**
56785 2**
56865 2**
56873 2**
56897 2**
56899 2**
56929 2**
56978 2**
56990 3***
56994 2**
57001 2**
57043 2**
57083 2**
57090 2**
57185 2**
57211 2**
57226 2**
57257 2**
57305 2**
57310 3***
57387 2**
57481 2**
57491 2**
57506 2**
57507 2**
57545 2**
57561 2**
57570 2**
57585 2**
57634 2**
57691 2**
57715 4**** 444444444444444444444  
57739 2**
57819 2**
57865 2**
57891 2**
57907 2**
57921 2**
57930 2**
57939 2**
58091 2**
58123 2**
58145 2**
58242 2**
58290 2**
58297 2**
58326 3***
58331 2**
58355 2**
58361 2**
58377 2**
58458 2**
58466 2**
58546 2**
58562 2**
58595 2**
58611 2**
58618 2**
58651 2**
58665 2**
58674 2**
58695 3***
58729 2**
58746 2**
58769 2**
58786 2**
58801 2**
58834 2**
58857 2**
58881 2**
58929 2**
58946 2**
59010 2**
59034 2**
59074 2**
59153 2**
59185 2**
59187 2**
59195 2**
59299 2**
59321 2**
59369 2**
59370 2**
59386 2**
59394 2**
59415 3***
59449 2**
59451 2**
59498 2**
59561 2**
59577 2**
59595 2**
59665 2**
59690 2**
59714 2**
59730 2**
59754 2**
59795 2**
59827 2**
59849 2**
59865 2**
59977 2**
60006 3***
60009 2**
60065 2**
60113 2**
60114 2**
60115 2**
60119 3***
60130 2**
60177 2**
60229 3***
60323 2**
60346 2**
60347 2**
60385 2**
60410 2**
60415 3***
60442 2**
60473 2**
60482 2**
60490 2**
60514 2**
60554 2**
60574 3***
60595 2**
60602 2**
60634 2**
60635 2**
60697 2**
60699 2**
60721 2**
60722 2**
60729 2**
60819 2**
60826 2**
60833 2**
60847 3***
60874 2**
60883 2**
60963 2**
60970 2**
60971 2**
60977 2**
60994 2**
61003 2**
61098 2**
61139 2**
61161 2**
61171 2**
61186 2**
61210 2**
61241 2**
61243 2**
61259 2**
61297 2**
61378 2**
61386 2**
61402 2**
61418 2**
61442 2**
61459 2**
61537 2**
61579 2**
61594 2**
61690 2**
61745 2**
61754 2**
61755 2**
61761 2**
61770 2**
61815 3***
61899 2**
61937 2**
61945 2**
61953 2**
61977 2**
61978 2**
62090 2**
62123 2**
62130 2**
62139 2**
62146 2**
62185 2**
62186 2**
62218 2**
62265 2**
62266 2**
62306 2**
62337 2**
62353 2**
62369 2**
62395 2**
62402 2**
62403 2**
62457 2**
62489 2**
62491 2**
62521 2**
62537 2**
62553 2**
62569 2**
62601 2**
62633 2**
62634 2**
62641 2**
62651 2**
62665 2**
62755 2**
62785 2**
62835 2**
62907 2**
62922 2**
62929 2**
62930 2**
63005 3***
63035 2**
63042 2**
63043 2**
63049 2**
63058 2**
63089 2**
63113 2**
63145 2**
63273 2**
63298 2**
63305 2**
63330 2**
63354 2**
63395 2**
63401 2**
63427 2**
63481 2**
63483 2**
63491 2**
63529 2**
63546 2**
63570 2**
63619 2**
63626 2**
63627 2**


