
   [logfile is "f:D4.log"]
   
29274 4 [4, 8134.7855325804035449094756922983407166]
46274 4 [4, 8686.9709499779294130358580712341482714]
46754 4 [4, 8429.0674199340662117285945735341655593]
57715 4 [4, 11723.931754777801427500381335158213463]


\l "f:D4.log"

{
\\ rank 4: 29274,46274,46754,57715 (sequential search)

   n = 29274;
   c = ellinit([-n^2,0]);a = ellanalyticrank(c);r = a[1];
   printsep(" ", n,r,a);

   n = 46274;
   c = ellinit([-n^2,0]);a = ellanalyticrank(c);r = a[1];
   printsep(" ", n,r,a);

   n = 46754;
   c = ellinit([-n^2,0]);a = ellanalyticrank(c);r = a[1];
   printsep(" ", n,r,a);

   n = 57715;
   c = ellinit([-n^2,0]);a = ellanalyticrank(c);r = a[1];
   printsep(" ", n,r,a);


}
   
\\ Authors credit:
\\ Code from Charles R Greathouse IV, Sep 01 2011.

4 117096
4 185096
4 187016
4 230860
4 263466
4 328321
4 330881
4 377122
4 416466
4 420786
4 468384
4 519435
4 526921
4 540474
4 601154
4 609770
4 648091
4 731850
4 740384
4 748064
4 752115
4 780626
4 782690
4 804601
========




